[    1006ms] [ERROR] Failed to fetch selected model: TypeError: Failed to fetch
    at ApiClient.request (http://localhost:5173/src/api/client.ts:9:28)
    at ApiClient.getSelectedModel (http://localhost:5173/src/api/client.ts:101:17)
    at fetchSelectedModel (http://localhost:5173/src/stores/aiConfigStore.ts:154:32)
    at http://localhost:5173/src/components/layout/Sidebar.tsx:48:5
    at commitHookEffectListMount (http://localhost:5173/node_modules/.vite/deps/chunk-PNGJSGSD.js?v=729b926e:16963:34)
    at commitPassiveMountOnFiber (http://localhost:5173/node_modules/.vite/deps/chunk-PNGJSGSD.js?v=729b926e:18206:19)
    at commitPassiveMountEffects_complete (http://localhost:5173/node_modules/.vite/deps/chunk-PNGJSGSD.js?v=729b926e:18179:17)
    at commitPassiveMountEffects_begin (http://localhost:5173/node_modules/.vite/deps/chunk-PNGJSGSD.js?v=729b926e:18169:15)
    at commitPassiveMountEffects (http://localhost:5173/node_modules/.vite/deps/chunk-PNGJSGSD.js?v=729b926e:18159:11)
    at flushPassiveEffectsImpl (http://localhost:5173/node_modules/.vite/deps/chunk-PNGJSGSD.js?v=729b926e:19543:11) @ http://localhost:5173/src/stores/aiConfigStore.ts:156
[    1018ms] [ERROR] Failed to fetch selected model: TypeError: Failed to fetch
    at ApiClient.request (http://localhost:5173/src/api/client.ts:9:28)
    at ApiClient.getSelectedModel (http://localhost:5173/src/api/client.ts:101:17)
    at fetchSelectedModel (http://localhost:5173/src/stores/aiConfigStore.ts:154:32)
    at http://localhost:5173/src/components/layout/Sidebar.tsx:48:5
    at commitHookEffectListMount (http://localhost:5173/node_modules/.vite/deps/chunk-PNGJSGSD.js?v=729b926e:16963:34)
    at invokePassiveEffectMountInDEV (http://localhost:5173/node_modules/.vite/deps/chunk-PNGJSGSD.js?v=729b926e:18374:19)
    at invokeEffectsInDev (http://localhost:5173/node_modules/.vite/deps/chunk-PNGJSGSD.js?v=729b926e:19754:19)
    at commitDoubleInvokeEffectsInDEV (http://localhost:5173/node_modules/.vite/deps/chunk-PNGJSGSD.js?v=729b926e:19739:15)
    at flushPassiveEffectsImpl (http://localhost:5173/node_modules/.vite/deps/chunk-PNGJSGSD.js?v=729b926e:19556:13)
    at flushPassiveEffects (http://localhost:5173/node_modules/.vite/deps/chunk-PNGJSGSD.js?v=729b926e:19500:22) @ http://localhost:5173/src/stores/aiConfigStore.ts:156
[    1274ms] [INFO] %cDownload the React DevTools for a better development experience: https://reactjs.org/link/react-devtools font-weight:bold @ http://localhost:5173/node_modules/.vite/deps/chunk-PNGJSGSD.js?v=729b926e:21608
[    1509ms] [WARNING] ⚠️ React Router Future Flag Warning: React Router will begin wrapping state updates in `React.startTransition` in v7. You can use the `v7_startTransition` future flag to opt-in early. For more information, see https://reactrouter.com/v6/upgrading/future#v7_starttransition. @ http://localhost:5173/node_modules/.vite/deps/react-router-dom.js?v=729b926e:4435
[    1509ms] [WARNING] ⚠️ React Router Future Flag Warning: Relative route resolution within Splat routes is changing in v7. You can use the `v7_relativeSplatPath` future flag to opt-in early. For more information, see https://reactrouter.com/v6/upgrading/future#v7_relativesplatpath. @ http://localhost:5173/node_modules/.vite/deps/react-router-dom.js?v=729b926e:4435
[  412162ms] [ERROR] Failed to fetch selected model: TypeError: Failed to fetch
    at ApiClient.request (http://localhost:5173/src/api/client.ts:9:28)
    at ApiClient.getSelectedModel (http://localhost:5173/src/api/client.ts:101:17)
    at fetchSelectedModel (http://localhost:5173/src/stores/aiConfigStore.ts:154:32)
    at http://localhost:5173/src/components/layout/Sidebar.tsx:48:5
    at commitHookEffectListMount (http://localhost:5173/node_modules/.vite/deps/chunk-PNGJSGSD.js?v=729b926e:16963:34)
    at invokePassiveEffectMountInDEV (http://localhost:5173/node_modules/.vite/deps/chunk-PNGJSGSD.js?v=729b926e:18374:19)
    at invokeEffectsInDev (http://localhost:5173/node_modules/.vite/deps/chunk-PNGJSGSD.js?v=729b926e:19754:19)
    at commitDoubleInvokeEffectsInDEV (http://localhost:5173/node_modules/.vite/deps/chunk-PNGJSGSD.js?v=729b926e:19739:15)
    at flushPassiveEffectsImpl (http://localhost:5173/node_modules/.vite/deps/chunk-PNGJSGSD.js?v=729b926e:19556:13)
    at flushPassiveEffects (http://localhost:5173/node_modules/.vite/deps/chunk-PNGJSGSD.js?v=729b926e:19500:22) @ http://localhost:5173/src/stores/aiConfigStore.ts:156
[  412169ms] [ERROR] Failed to fetch selected model: TypeError: Failed to fetch
    at ApiClient.request (http://localhost:5173/src/api/client.ts:9:28)
    at ApiClient.getSelectedModel (http://localhost:5173/src/api/client.ts:101:17)
    at fetchSelectedModel (http://localhost:5173/src/stores/aiConfigStore.ts:154:32)
    at http://localhost:5173/src/components/layout/Sidebar.tsx:48:5
    at commitHookEffectListMount (http://localhost:5173/node_modules/.vite/deps/chunk-PNGJSGSD.js?v=729b926e:16963:34)
    at commitPassiveMountOnFiber (http://localhost:5173/node_modules/.vite/deps/chunk-PNGJSGSD.js?v=729b926e:18206:19)
    at commitPassiveMountEffects_complete (http://localhost:5173/node_modules/.vite/deps/chunk-PNGJSGSD.js?v=729b926e:18179:17)
    at commitPassiveMountEffects_begin (http://localhost:5173/node_modules/.vite/deps/chunk-PNGJSGSD.js?v=729b926e:18169:15)
    at commitPassiveMountEffects (http://localhost:5173/node_modules/.vite/deps/chunk-PNGJSGSD.js?v=729b926e:18159:11)
    at flushPassiveEffectsImpl (http://localhost:5173/node_modules/.vite/deps/chunk-PNGJSGSD.js?v=729b926e:19543:11) @ http://localhost:5173/src/stores/aiConfigStore.ts:156
[  412311ms] [INFO] %cDownload the React DevTools for a better development experience: https://reactjs.org/link/react-devtools font-weight:bold @ http://localhost:5173/node_modules/.vite/deps/chunk-PNGJSGSD.js?v=729b926e:21608
[  412376ms] [WARNING] ⚠️ React Router Future Flag Warning: React Router will begin wrapping state updates in `React.startTransition` in v7. You can use the `v7_startTransition` future flag to opt-in early. For more information, see https://reactrouter.com/v6/upgrading/future#v7_starttransition. @ http://localhost:5173/node_modules/.vite/deps/react-router-dom.js?v=729b926e:4435
[  412376ms] [WARNING] ⚠️ React Router Future Flag Warning: Relative route resolution within Splat routes is changing in v7. You can use the `v7_relativeSplatPath` future flag to opt-in early. For more information, see https://reactrouter.com/v6/upgrading/future#v7_relativesplatpath. @ http://localhost:5173/node_modules/.vite/deps/react-router-dom.js?v=729b926e:4435
[  731083ms] [ERROR] Failed to fetch selected model: TypeError: Failed to fetch
    at ApiClient.request (http://localhost:5173/src/api/client.ts:9:28)
    at ApiClient.getSelectedModel (http://localhost:5173/src/api/client.ts:101:17)
    at fetchSelectedModel (http://localhost:5173/src/stores/aiConfigStore.ts:154:32)
    at http://localhost:5173/src/components/layout/Sidebar.tsx:48:5
    at commitHookEffectListMount (http://localhost:5173/node_modules/.vite/deps/chunk-PNGJSGSD.js?v=729b926e:16963:34)
    at invokePassiveEffectMountInDEV (http://localhost:5173/node_modules/.vite/deps/chunk-PNGJSGSD.js?v=729b926e:18374:19)
    at invokeEffectsInDev (http://localhost:5173/node_modules/.vite/deps/chunk-PNGJSGSD.js?v=729b926e:19754:19)
    at commitDoubleInvokeEffectsInDEV (http://localhost:5173/node_modules/.vite/deps/chunk-PNGJSGSD.js?v=729b926e:19739:15)
    at flushPassiveEffectsImpl (http://localhost:5173/node_modules/.vite/deps/chunk-PNGJSGSD.js?v=729b926e:19556:13)
    at flushPassiveEffects (http://localhost:5173/node_modules/.vite/deps/chunk-PNGJSGSD.js?v=729b926e:19500:22) @ http://localhost:5173/src/stores/aiConfigStore.ts:156
[  731087ms] [ERROR] Failed to fetch selected model: TypeError: Failed to fetch
    at ApiClient.request (http://localhost:5173/src/api/client.ts:9:28)
    at ApiClient.getSelectedModel (http://localhost:5173/src/api/client.ts:101:17)
    at fetchSelectedModel (http://localhost:5173/src/stores/aiConfigStore.ts:154:32)
    at http://localhost:5173/src/components/layout/Sidebar.tsx:48:5
    at commitHookEffectListMount (http://localhost:5173/node_modules/.vite/deps/chunk-PNGJSGSD.js?v=729b926e:16963:34)
    at commitPassiveMountOnFiber (http://localhost:5173/node_modules/.vite/deps/chunk-PNGJSGSD.js?v=729b926e:18206:19)
    at commitPassiveMountEffects_complete (http://localhost:5173/node_modules/.vite/deps/chunk-PNGJSGSD.js?v=729b926e:18179:17)
    at commitPassiveMountEffects_begin (http://localhost:5173/node_modules/.vite/deps/chunk-PNGJSGSD.js?v=729b926e:18169:15)
    at commitPassiveMountEffects (http://localhost:5173/node_modules/.vite/deps/chunk-PNGJSGSD.js?v=729b926e:18159:11)
    at flushPassiveEffectsImpl (http://localhost:5173/node_modules/.vite/deps/chunk-PNGJSGSD.js?v=729b926e:19543:11) @ http://localhost:5173/src/stores/aiConfigStore.ts:156
[  731476ms] [INFO] %cDownload the React DevTools for a better development experience: https://reactjs.org/link/react-devtools font-weight:bold @ http://localhost:5173/node_modules/.vite/deps/chunk-PNGJSGSD.js?v=729b926e:21608
[  731582ms] [WARNING] ⚠️ React Router Future Flag Warning: React Router will begin wrapping state updates in `React.startTransition` in v7. You can use the `v7_startTransition` future flag to opt-in early. For more information, see https://reactrouter.com/v6/upgrading/future#v7_starttransition. @ http://localhost:5173/node_modules/.vite/deps/react-router-dom.js?v=729b926e:4435
[  731582ms] [WARNING] ⚠️ React Router Future Flag Warning: Relative route resolution within Splat routes is changing in v7. You can use the `v7_relativeSplatPath` future flag to opt-in early. For more information, see https://reactrouter.com/v6/upgrading/future#v7_relativesplatpath. @ http://localhost:5173/node_modules/.vite/deps/react-router-dom.js?v=729b926e:4435
[  799651ms] [ERROR] Failed to fetch selected model: TypeError: Failed to fetch
    at ApiClient.request (http://localhost:5173/src/api/client.ts:9:28)
    at ApiClient.getSelectedModel (http://localhost:5173/src/api/client.ts:101:17)
    at fetchSelectedModel (http://localhost:5173/src/stores/aiConfigStore.ts:154:32)
    at http://localhost:5173/src/components/layout/Sidebar.tsx:48:5
    at commitHookEffectListMount (http://localhost:5173/node_modules/.vite/deps/chunk-PNGJSGSD.js?v=729b926e:16963:34)
    at commitPassiveMountOnFiber (http://localhost:5173/node_modules/.vite/deps/chunk-PNGJSGSD.js?v=729b926e:18206:19)
    at commitPassiveMountEffects_complete (http://localhost:5173/node_modules/.vite/deps/chunk-PNGJSGSD.js?v=729b926e:18179:17)
    at commitPassiveMountEffects_begin (http://localhost:5173/node_modules/.vite/deps/chunk-PNGJSGSD.js?v=729b926e:18169:15)
    at commitPassiveMountEffects (http://localhost:5173/node_modules/.vite/deps/chunk-PNGJSGSD.js?v=729b926e:18159:11)
    at flushPassiveEffectsImpl (http://localhost:5173/node_modules/.vite/deps/chunk-PNGJSGSD.js?v=729b926e:19543:11) @ http://localhost:5173/src/stores/aiConfigStore.ts:156
[  799654ms] [ERROR] Failed to fetch selected model: TypeError: Failed to fetch
    at ApiClient.request (http://localhost:5173/src/api/client.ts:9:28)
    at ApiClient.getSelectedModel (http://localhost:5173/src/api/client.ts:101:17)
    at fetchSelectedModel (http://localhost:5173/src/stores/aiConfigStore.ts:154:32)
    at http://localhost:5173/src/components/layout/Sidebar.tsx:48:5
    at commitHookEffectListMount (http://localhost:5173/node_modules/.vite/deps/chunk-PNGJSGSD.js?v=729b926e:16963:34)
    at invokePassiveEffectMountInDEV (http://localhost:5173/node_modules/.vite/deps/chunk-PNGJSGSD.js?v=729b926e:18374:19)
    at invokeEffectsInDev (http://localhost:5173/node_modules/.vite/deps/chunk-PNGJSGSD.js?v=729b926e:19754:19)
    at commitDoubleInvokeEffectsInDEV (http://localhost:5173/node_modules/.vite/deps/chunk-PNGJSGSD.js?v=729b926e:19739:15)
    at flushPassiveEffectsImpl (http://localhost:5173/node_modules/.vite/deps/chunk-PNGJSGSD.js?v=729b926e:19556:13)
    at flushPassiveEffects (http://localhost:5173/node_modules/.vite/deps/chunk-PNGJSGSD.js?v=729b926e:19500:22) @ http://localhost:5173/src/stores/aiConfigStore.ts:156
[  800324ms] [INFO] %cDownload the React DevTools for a better development experience: https://reactjs.org/link/react-devtools font-weight:bold @ http://localhost:5173/node_modules/.vite/deps/chunk-PNGJSGSD.js?v=729b926e:21608
[  800395ms] [WARNING] ⚠️ React Router Future Flag Warning: React Router will begin wrapping state updates in `React.startTransition` in v7. You can use the `v7_startTransition` future flag to opt-in early. For more information, see https://reactrouter.com/v6/upgrading/future#v7_starttransition. @ http://localhost:5173/node_modules/.vite/deps/react-router-dom.js?v=729b926e:4435
[  800396ms] [WARNING] ⚠️ React Router Future Flag Warning: Relative route resolution within Splat routes is changing in v7. You can use the `v7_relativeSplatPath` future flag to opt-in early. For more information, see https://reactrouter.com/v6/upgrading/future#v7_relativesplatpath. @ http://localhost:5173/node_modules/.vite/deps/react-router-dom.js?v=729b926e:4435
[  888346ms] [ERROR] Failed to load resource: the server responded with a status of 500 (Internal Server Error) @ http://localhost:5173/src/components/workspace/WorkspaceSelector.tsx?t=1775646121685:0
[  888348ms] [ERROR] [vite] Failed to reload /src/components/workspace/WorkspaceSelector.tsx. This could be due to syntax errors or importing non-existent modules. (see errors above) @ http://localhost:5173/@vite/client:881
[ 1002249ms] [ERROR] Failed to fetch selected model: TypeError: Failed to fetch
    at ApiClient.request (http://localhost:5173/src/api/client.ts:9:28)
    at ApiClient.getSelectedModel (http://localhost:5173/src/api/client.ts:101:17)
    at fetchSelectedModel (http://localhost:5173/src/stores/aiConfigStore.ts:154:32)
    at http://localhost:5173/src/components/layout/Sidebar.tsx:48:5
    at commitHookEffectListMount (http://localhost:5173/node_modules/.vite/deps/chunk-PNGJSGSD.js?v=729b926e:16963:34)
    at commitPassiveMountOnFiber (http://localhost:5173/node_modules/.vite/deps/chunk-PNGJSGSD.js?v=729b926e:18206:19)
    at commitPassiveMountEffects_complete (http://localhost:5173/node_modules/.vite/deps/chunk-PNGJSGSD.js?v=729b926e:18179:17)
    at commitPassiveMountEffects_begin (http://localhost:5173/node_modules/.vite/deps/chunk-PNGJSGSD.js?v=729b926e:18169:15)
    at commitPassiveMountEffects (http://localhost:5173/node_modules/.vite/deps/chunk-PNGJSGSD.js?v=729b926e:18159:11)
    at flushPassiveEffectsImpl (http://localhost:5173/node_modules/.vite/deps/chunk-PNGJSGSD.js?v=729b926e:19543:11) @ http://localhost:5173/src/stores/aiConfigStore.ts:156
[ 1002251ms] [ERROR] Failed to fetch selected model: TypeError: Failed to fetch
    at ApiClient.request (http://localhost:5173/src/api/client.ts:9:28)
    at ApiClient.getSelectedModel (http://localhost:5173/src/api/client.ts:101:17)
    at fetchSelectedModel (http://localhost:5173/src/stores/aiConfigStore.ts:154:32)
    at http://localhost:5173/src/components/layout/Sidebar.tsx:48:5
    at commitHookEffectListMount (http://localhost:5173/node_modules/.vite/deps/chunk-PNGJSGSD.js?v=729b926e:16963:34)
    at invokePassiveEffectMountInDEV (http://localhost:5173/node_modules/.vite/deps/chunk-PNGJSGSD.js?v=729b926e:18374:19)
    at invokeEffectsInDev (http://localhost:5173/node_modules/.vite/deps/chunk-PNGJSGSD.js?v=729b926e:19754:19)
    at commitDoubleInvokeEffectsInDEV (http://localhost:5173/node_modules/.vite/deps/chunk-PNGJSGSD.js?v=729b926e:19739:15)
    at flushPassiveEffectsImpl (http://localhost:5173/node_modules/.vite/deps/chunk-PNGJSGSD.js?v=729b926e:19556:13)
    at flushPassiveEffects (http://localhost:5173/node_modules/.vite/deps/chunk-PNGJSGSD.js?v=729b926e:19500:22) @ http://localhost:5173/src/stores/aiConfigStore.ts:156
[ 1002546ms] [INFO] %cDownload the React DevTools for a better development experience: https://reactjs.org/link/react-devtools font-weight:bold @ http://localhost:5173/node_modules/.vite/deps/chunk-PNGJSGSD.js?v=729b926e:21608
[ 1002615ms] [WARNING] ⚠️ React Router Future Flag Warning: React Router will begin wrapping state updates in `React.startTransition` in v7. You can use the `v7_startTransition` future flag to opt-in early. For more information, see https://reactrouter.com/v6/upgrading/future#v7_starttransition. @ http://localhost:5173/node_modules/.vite/deps/react-router-dom.js?v=729b926e:4435
[ 1002615ms] [WARNING] ⚠️ React Router Future Flag Warning: Relative route resolution within Splat routes is changing in v7. You can use the `v7_relativeSplatPath` future flag to opt-in early. For more information, see https://reactrouter.com/v6/upgrading/future#v7_relativesplatpath. @ http://localhost:5173/node_modules/.vite/deps/react-router-dom.js?v=729b926e:4435
[ 1147633ms] [ERROR] Failed to fetch selected model: TypeError: Failed to fetch
    at ApiClient.request (http://localhost:5173/src/api/client.ts:9:28)
    at ApiClient.getSelectedModel (http://localhost:5173/src/api/client.ts:101:17)
    at fetchSelectedModel (http://localhost:5173/src/stores/aiConfigStore.ts:154:32)
    at http://localhost:5173/src/components/layout/Sidebar.tsx:48:5
    at commitHookEffectListMount (http://localhost:5173/node_modules/.vite/deps/chunk-PNGJSGSD.js?v=729b926e:16963:34)
    at invokePassiveEffectMountInDEV (http://localhost:5173/node_modules/.vite/deps/chunk-PNGJSGSD.js?v=729b926e:18374:19)
    at invokeEffectsInDev (http://localhost:5173/node_modules/.vite/deps/chunk-PNGJSGSD.js?v=729b926e:19754:19)
    at commitDoubleInvokeEffectsInDEV (http://localhost:5173/node_modules/.vite/deps/chunk-PNGJSGSD.js?v=729b926e:19739:15)
    at flushPassiveEffectsImpl (http://localhost:5173/node_modules/.vite/deps/chunk-PNGJSGSD.js?v=729b926e:19556:13)
    at flushPassiveEffects (http://localhost:5173/node_modules/.vite/deps/chunk-PNGJSGSD.js?v=729b926e:19500:22) @ http://localhost:5173/src/stores/aiConfigStore.ts:156
[ 1147638ms] [ERROR] Failed to fetch selected model: TypeError: Failed to fetch
    at ApiClient.request (http://localhost:5173/src/api/client.ts:9:28)
    at ApiClient.getSelectedModel (http://localhost:5173/src/api/client.ts:101:17)
    at fetchSelectedModel (http://localhost:5173/src/stores/aiConfigStore.ts:154:32)
    at http://localhost:5173/src/components/layout/Sidebar.tsx:48:5
    at commitHookEffectListMount (http://localhost:5173/node_modules/.vite/deps/chunk-PNGJSGSD.js?v=729b926e:16963:34)
    at commitPassiveMountOnFiber (http://localhost:5173/node_modules/.vite/deps/chunk-PNGJSGSD.js?v=729b926e:18206:19)
    at commitPassiveMountEffects_complete (http://localhost:5173/node_modules/.vite/deps/chunk-PNGJSGSD.js?v=729b926e:18179:17)
    at commitPassiveMountEffects_begin (http://localhost:5173/node_modules/.vite/deps/chunk-PNGJSGSD.js?v=729b926e:18169:15)
    at commitPassiveMountEffects (http://localhost:5173/node_modules/.vite/deps/chunk-PNGJSGSD.js?v=729b926e:18159:11)
    at flushPassiveEffectsImpl (http://localhost:5173/node_modules/.vite/deps/chunk-PNGJSGSD.js?v=729b926e:19543:11) @ http://localhost:5173/src/stores/aiConfigStore.ts:156
[ 1148183ms] [INFO] %cDownload the React DevTools for a better development experience: https://reactjs.org/link/react-devtools font-weight:bold @ http://localhost:5173/node_modules/.vite/deps/chunk-PNGJSGSD.js?v=729b926e:21608
[ 1148294ms] [WARNING] ⚠️ React Router Future Flag Warning: React Router will begin wrapping state updates in `React.startTransition` in v7. You can use the `v7_startTransition` future flag to opt-in early. For more information, see https://reactrouter.com/v6/upgrading/future#v7_starttransition. @ http://localhost:5173/node_modules/.vite/deps/react-router-dom.js?v=729b926e:4435
[ 1148294ms] [WARNING] ⚠️ React Router Future Flag Warning: Relative route resolution within Splat routes is changing in v7. You can use the `v7_relativeSplatPath` future flag to opt-in early. For more information, see https://reactrouter.com/v6/upgrading/future#v7_relativesplatpath. @ http://localhost:5173/node_modules/.vite/deps/react-router-dom.js?v=729b926e:4435
[ 1690260ms] [ERROR] Directory picker error: SecurityError: Failed to execute 'showDirectoryPicker' on 'Window': Must be handling a user gesture to show a file picker.
    at handleSelectFolder (http://localhost:5173/src/components/workspace/WorkspaceSelector.tsx?t=1775646834338:45:42)
    at HTMLUnknownElement.callCallback2 (http://localhost:5173/node_modules/.vite/deps/chunk-PNGJSGSD.js?v=729b926e:3680:22)
    at Object.invokeGuardedCallbackDev (http://localhost:5173/node_modules/.vite/deps/chunk-PNGJSGSD.js?v=729b926e:3705:24)
    at invokeGuardedCallback (http://localhost:5173/node_modules/.vite/deps/chunk-PNGJSGSD.js?v=729b926e:3739:39)
    at invokeGuardedCallbackAndCatchFirstError (http://localhost:5173/node_modules/.vite/deps/chunk-PNGJSGSD.js?v=729b926e:3742:33)
    at executeDispatch (http://localhost:5173/node_modules/.vite/deps/chunk-PNGJSGSD.js?v=729b926e:7046:11)
    at processDispatchQueueItemsInOrder (http://localhost:5173/node_modules/.vite/deps/chunk-PNGJSGSD.js?v=729b926e:7066:15)
    at processDispatchQueue (http://localhost:5173/node_modules/.vite/deps/chunk-PNGJSGSD.js?v=729b926e:7075:13)
    at dispatchEventsForPlugins (http://localhost:5173/node_modules/.vite/deps/chunk-PNGJSGSD.js?v=729b926e:7083:11)
    at http://localhost:5173/node_modules/.vite/deps/chunk-PNGJSGSD.js?v=729b926e:7206:20 @ http://localhost:5173/src/components/workspace/WorkspaceSelector.tsx?t=1775646834338:58
[ 1924808ms] AbortError: Failed to execute 'showDirectoryPicker' on 'Window': Intercepted by Page.setInterceptFileChooserDialog().
    at handleSelectFolder (http://localhost:5173/src/components/workspace/WorkspaceSelector.tsx?t=1775646959475:42:34)
    at HTMLUnknownElement.callCallback2 (http://localhost:5173/node_modules/.vite/deps/chunk-PNGJSGSD.js?v=729b926e:3680:22)
    at Object.invokeGuardedCallbackDev (http://localhost:5173/node_modules/.vite/deps/chunk-PNGJSGSD.js?v=729b926e:3705:24)
    at invokeGuardedCallback (http://localhost:5173/node_modules/.vite/deps/chunk-PNGJSGSD.js?v=729b926e:3739:39)
    at invokeGuardedCallbackAndCatchFirstError (http://localhost:5173/node_modules/.vite/deps/chunk-PNGJSGSD.js?v=729b926e:3742:33)
    at executeDispatch (http://localhost:5173/node_modules/.vite/deps/chunk-PNGJSGSD.js?v=729b926e:7046:11)
    at processDispatchQueueItemsInOrder (http://localhost:5173/node_modules/.vite/deps/chunk-PNGJSGSD.js?v=729b926e:7066:15)
    at processDispatchQueue (http://localhost:5173/node_modules/.vite/deps/chunk-PNGJSGSD.js?v=729b926e:7075:13)
    at dispatchEventsForPlugins (http://localhost:5173/node_modules/.vite/deps/chunk-PNGJSGSD.js?v=729b926e:7083:11)
    at http://localhost:5173/node_modules/.vite/deps/chunk-PNGJSGSD.js?v=729b926e:7206:20
[ 2214787ms] [LOG] [vite] server connection lost. Polling for restart... @ http://localhost:5173/@vite/client:963
[ 2214854ms] [ERROR] WebSocket connection to 'ws://localhost:5173/' failed: Error in connection establishment: net::ERR_CONNECTION_REFUSED @ http://localhost:5173/@vite/client:1034
[ 2215860ms] [ERROR] WebSocket connection to 'ws://localhost:5173/' failed: Error in connection establishment: net::ERR_CONNECTION_REFUSED @ http://localhost:5173/@vite/client:1034
[ 2216876ms] [ERROR] WebSocket connection to 'ws://localhost:5173/' failed: Error in connection establishment: net::ERR_CONNECTION_REFUSED @ http://localhost:5173/@vite/client:1034
[ 2217884ms] [ERROR] WebSocket connection to 'ws://localhost:5173/' failed: Error in connection establishment: net::ERR_CONNECTION_REFUSED @ http://localhost:5173/@vite/client:1034
[ 2218892ms] [ERROR] WebSocket connection to 'ws://localhost:5173/' failed: Error in connection establishment: net::ERR_CONNECTION_REFUSED @ http://localhost:5173/@vite/client:1034
[ 2219906ms] [ERROR] WebSocket connection to 'ws://localhost:5173/' failed: Error in connection establishment: net::ERR_CONNECTION_REFUSED @ http://localhost:5173/@vite/client:1034
[ 2220922ms] [ERROR] WebSocket connection to 'ws://localhost:5173/' failed: Error in connection establishment: net::ERR_CONNECTION_REFUSED @ http://localhost:5173/@vite/client:1034
[ 2221930ms] [ERROR] WebSocket connection to 'ws://localhost:5173/' failed: Error in connection establishment: net::ERR_CONNECTION_REFUSED @ http://localhost:5173/@vite/client:1034
[ 2222960ms] [ERROR] WebSocket connection to 'ws://localhost:5173/' failed: Error in connection establishment: net::ERR_CONNECTION_REFUSED @ http://localhost:5173/@vite/client:1034
[ 2224041ms] [ERROR] WebSocket connection to 'ws://localhost:5173/' failed: Error in connection establishment: net::ERR_CONNECTION_REFUSED @ http://localhost:5173/@vite/client:1034
[ 2225118ms] [ERROR] WebSocket connection to 'ws://localhost:5173/' failed: Error in connection establishment: net::ERR_CONNECTION_REFUSED @ http://localhost:5173/@vite/client:1034
[ 2226225ms] [ERROR] WebSocket connection to 'ws://localhost:5173/' failed: Error in connection establishment: net::ERR_CONNECTION_REFUSED @ http://localhost:5173/@vite/client:1034
[ 2228489ms] [ERROR] Failed to fetch selected model: TypeError: Failed to fetch
    at ApiClient.request (http://localhost:5173/src/api/client.ts:9:28)
    at ApiClient.getSelectedModel (http://localhost:5173/src/api/client.ts:101:17)
    at fetchSelectedModel (http://localhost:5173/src/stores/aiConfigStore.ts:154:32)
    at http://localhost:5173/src/components/layout/Sidebar.tsx:48:5
    at commitHookEffectListMount (http://localhost:5173/node_modules/.vite/deps/chunk-PNGJSGSD.js?v=729b926e:16963:34)
    at commitPassiveMountOnFiber (http://localhost:5173/node_modules/.vite/deps/chunk-PNGJSGSD.js?v=729b926e:18206:19)
    at commitPassiveMountEffects_complete (http://localhost:5173/node_modules/.vite/deps/chunk-PNGJSGSD.js?v=729b926e:18179:17)
    at commitPassiveMountEffects_begin (http://localhost:5173/node_modules/.vite/deps/chunk-PNGJSGSD.js?v=729b926e:18169:15)
    at commitPassiveMountEffects (http://localhost:5173/node_modules/.vite/deps/chunk-PNGJSGSD.js?v=729b926e:18159:11)
    at flushPassiveEffectsImpl (http://localhost:5173/node_modules/.vite/deps/chunk-PNGJSGSD.js?v=729b926e:19543:11) @ http://localhost:5173/src/stores/aiConfigStore.ts:156
[ 2228546ms] [ERROR] Failed to fetch selected model: TypeError: Failed to fetch
    at ApiClient.request (http://localhost:5173/src/api/client.ts:9:28)
    at ApiClient.getSelectedModel (http://localhost:5173/src/api/client.ts:101:17)
    at fetchSelectedModel (http://localhost:5173/src/stores/aiConfigStore.ts:154:32)
    at http://localhost:5173/src/components/layout/Sidebar.tsx:48:5
    at commitHookEffectListMount (http://localhost:5173/node_modules/.vite/deps/chunk-PNGJSGSD.js?v=729b926e:16963:34)
    at invokePassiveEffectMountInDEV (http://localhost:5173/node_modules/.vite/deps/chunk-PNGJSGSD.js?v=729b926e:18374:19)
    at invokeEffectsInDev (http://localhost:5173/node_modules/.vite/deps/chunk-PNGJSGSD.js?v=729b926e:19754:19)
    at commitDoubleInvokeEffectsInDEV (http://localhost:5173/node_modules/.vite/deps/chunk-PNGJSGSD.js?v=729b926e:19739:15)
    at flushPassiveEffectsImpl (http://localhost:5173/node_modules/.vite/deps/chunk-PNGJSGSD.js?v=729b926e:19556:13)
    at flushPassiveEffects (http://localhost:5173/node_modules/.vite/deps/chunk-PNGJSGSD.js?v=729b926e:19500:22) @ http://localhost:5173/src/stores/aiConfigStore.ts:156
[ 2230220ms] [INFO] %cDownload the React DevTools for a better development experience: https://reactjs.org/link/react-devtools font-weight:bold @ http://localhost:5173/node_modules/.vite/deps/chunk-PNGJSGSD.js?v=729b926e:21608
[ 2230316ms] [WARNING] ⚠️ React Router Future Flag Warning: React Router will begin wrapping state updates in `React.startTransition` in v7. You can use the `v7_startTransition` future flag to opt-in early. For more information, see https://reactrouter.com/v6/upgrading/future#v7_starttransition. @ http://localhost:5173/node_modules/.vite/deps/react-router-dom.js?v=729b926e:4435
[ 2230316ms] [WARNING] ⚠️ React Router Future Flag Warning: Relative route resolution within Splat routes is changing in v7. You can use the `v7_relativeSplatPath` future flag to opt-in early. For more information, see https://reactrouter.com/v6/upgrading/future#v7_relativesplatpath. @ http://localhost:5173/node_modules/.vite/deps/react-router-dom.js?v=729b926e:4435
[ 2325813ms] AbortError: Failed to execute 'showDirectoryPicker' on 'Window': Intercepted by Page.setInterceptFileChooserDialog().
    at handleSelectFolder (http://localhost:5173/src/components/workspace/WorkspaceSelector.tsx:42:34)
    at HTMLUnknownElement.callCallback2 (http://localhost:5173/node_modules/.vite/deps/chunk-PNGJSGSD.js?v=729b926e:3680:22)
    at Object.invokeGuardedCallbackDev (http://localhost:5173/node_modules/.vite/deps/chunk-PNGJSGSD.js?v=729b926e:3705:24)
    at invokeGuardedCallback (http://localhost:5173/node_modules/.vite/deps/chunk-PNGJSGSD.js?v=729b926e:3739:39)
    at invokeGuardedCallbackAndCatchFirstError (http://localhost:5173/node_modules/.vite/deps/chunk-PNGJSGSD.js?v=729b926e:3742:33)
    at executeDispatch (http://localhost:5173/node_modules/.vite/deps/chunk-PNGJSGSD.js?v=729b926e:7046:11)
    at processDispatchQueueItemsInOrder (http://localhost:5173/node_modules/.vite/deps/chunk-PNGJSGSD.js?v=729b926e:7066:15)
    at processDispatchQueue (http://localhost:5173/node_modules/.vite/deps/chunk-PNGJSGSD.js?v=729b926e:7075:13)
    at dispatchEventsForPlugins (http://localhost:5173/node_modules/.vite/deps/chunk-PNGJSGSD.js?v=729b926e:7083:11)
    at http://localhost:5173/node_modules/.vite/deps/chunk-PNGJSGSD.js?v=729b926e:7206:20
[ 2330637ms] [ERROR] Failed to fetch selected model: TypeError: Failed to fetch
    at ApiClient.request (http://localhost:5173/src/api/client.ts:9:28)
    at ApiClient.getSelectedModel (http://localhost:5173/src/api/client.ts:101:17)
    at fetchSelectedModel (http://localhost:5173/src/stores/aiConfigStore.ts:154:32)
    at http://localhost:5173/src/components/layout/Sidebar.tsx:48:5
    at commitHookEffectListMount (http://localhost:5173/node_modules/.vite/deps/chunk-PNGJSGSD.js?v=729b926e:16963:34)
    at commitPassiveMountOnFiber (http://localhost:5173/node_modules/.vite/deps/chunk-PNGJSGSD.js?v=729b926e:18206:19)
    at commitPassiveMountEffects_complete (http://localhost:5173/node_modules/.vite/deps/chunk-PNGJSGSD.js?v=729b926e:18179:17)
    at commitPassiveMountEffects_begin (http://localhost:5173/node_modules/.vite/deps/chunk-PNGJSGSD.js?v=729b926e:18169:15)
    at commitPassiveMountEffects (http://localhost:5173/node_modules/.vite/deps/chunk-PNGJSGSD.js?v=729b926e:18159:11)
    at flushPassiveEffectsImpl (http://localhost:5173/node_modules/.vite/deps/chunk-PNGJSGSD.js?v=729b926e:19543:11) @ http://localhost:5173/src/stores/aiConfigStore.ts:156
[ 2330641ms] [ERROR] Failed to fetch selected model: TypeError: Failed to fetch
    at ApiClient.request (http://localhost:5173/src/api/client.ts:9:28)
    at ApiClient.getSelectedModel (http://localhost:5173/src/api/client.ts:101:17)
    at fetchSelectedModel (http://localhost:5173/src/stores/aiConfigStore.ts:154:32)
    at http://localhost:5173/src/components/layout/Sidebar.tsx:48:5
    at commitHookEffectListMount (http://localhost:5173/node_modules/.vite/deps/chunk-PNGJSGSD.js?v=729b926e:16963:34)
    at invokePassiveEffectMountInDEV (http://localhost:5173/node_modules/.vite/deps/chunk-PNGJSGSD.js?v=729b926e:18374:19)
    at invokeEffectsInDev (http://localhost:5173/node_modules/.vite/deps/chunk-PNGJSGSD.js?v=729b926e:19754:19)
    at commitDoubleInvokeEffectsInDEV (http://localhost:5173/node_modules/.vite/deps/chunk-PNGJSGSD.js?v=729b926e:19739:15)
    at flushPassiveEffectsImpl (http://localhost:5173/node_modules/.vite/deps/chunk-PNGJSGSD.js?v=729b926e:19556:13)
    at flushPassiveEffects (http://localhost:5173/node_modules/.vite/deps/chunk-PNGJSGSD.js?v=729b926e:19500:22) @ http://localhost:5173/src/stores/aiConfigStore.ts:156
[ 2330920ms] [INFO] %cDownload the React DevTools for a better development experience: https://reactjs.org/link/react-devtools font-weight:bold @ http://localhost:5173/node_modules/.vite/deps/chunk-PNGJSGSD.js?v=729b926e:21608
[ 2330991ms] [WARNING] ⚠️ React Router Future Flag Warning: React Router will begin wrapping state updates in `React.startTransition` in v7. You can use the `v7_startTransition` future flag to opt-in early. For more information, see https://reactrouter.com/v6/upgrading/future#v7_starttransition. @ http://localhost:5173/node_modules/.vite/deps/react-router-dom.js?v=729b926e:4435
[ 2330991ms] [WARNING] ⚠️ React Router Future Flag Warning: Relative route resolution within Splat routes is changing in v7. You can use the `v7_relativeSplatPath` future flag to opt-in early. For more information, see https://reactrouter.com/v6/upgrading/future#v7_relativesplatpath. @ http://localhost:5173/node_modules/.vite/deps/react-router-dom.js?v=729b926e:4435
[ 2333000ms] AbortError: Failed to execute 'showDirectoryPicker' on 'Window': Intercepted by Page.setInterceptFileChooserDialog().
    at handleSelectFolder (http://localhost:5173/src/components/workspace/WorkspaceSelector.tsx:42:34)
    at HTMLUnknownElement.callCallback2 (http://localhost:5173/node_modules/.vite/deps/chunk-PNGJSGSD.js?v=729b926e:3680:22)
    at Object.invokeGuardedCallbackDev (http://localhost:5173/node_modules/.vite/deps/chunk-PNGJSGSD.js?v=729b926e:3705:24)
    at invokeGuardedCallback (http://localhost:5173/node_modules/.vite/deps/chunk-PNGJSGSD.js?v=729b926e:3739:39)
    at invokeGuardedCallbackAndCatchFirstError (http://localhost:5173/node_modules/.vite/deps/chunk-PNGJSGSD.js?v=729b926e:3742:33)
    at executeDispatch (http://localhost:5173/node_modules/.vite/deps/chunk-PNGJSGSD.js?v=729b926e:7046:11)
    at processDispatchQueueItemsInOrder (http://localhost:5173/node_modules/.vite/deps/chunk-PNGJSGSD.js?v=729b926e:7066:15)
    at processDispatchQueue (http://localhost:5173/node_modules/.vite/deps/chunk-PNGJSGSD.js?v=729b926e:7075:13)
    at dispatchEventsForPlugins (http://localhost:5173/node_modules/.vite/deps/chunk-PNGJSGSD.js?v=729b926e:7083:11)
    at http://localhost:5173/node_modules/.vite/deps/chunk-PNGJSGSD.js?v=729b926e:7206:20
[ 2565956ms] [ERROR] Failed to fetch selected model: TypeError: Failed to fetch
    at ApiClient.request (http://localhost:5173/src/api/client.ts:9:28)
    at ApiClient.getSelectedModel (http://localhost:5173/src/api/client.ts:101:17)
    at fetchSelectedModel (http://localhost:5173/src/stores/aiConfigStore.ts:154:32)
    at http://localhost:5173/src/components/layout/Sidebar.tsx:48:5
    at commitHookEffectListMount (http://localhost:5173/node_modules/.vite/deps/chunk-PNGJSGSD.js?v=729b926e:16963:34)
    at commitPassiveMountOnFiber (http://localhost:5173/node_modules/.vite/deps/chunk-PNGJSGSD.js?v=729b926e:18206:19)
    at commitPassiveMountEffects_complete (http://localhost:5173/node_modules/.vite/deps/chunk-PNGJSGSD.js?v=729b926e:18179:17)
    at commitPassiveMountEffects_begin (http://localhost:5173/node_modules/.vite/deps/chunk-PNGJSGSD.js?v=729b926e:18169:15)
    at commitPassiveMountEffects (http://localhost:5173/node_modules/.vite/deps/chunk-PNGJSGSD.js?v=729b926e:18159:11)
    at flushPassiveEffectsImpl (http://localhost:5173/node_modules/.vite/deps/chunk-PNGJSGSD.js?v=729b926e:19543:11) @ http://localhost:5173/src/stores/aiConfigStore.ts:156
[ 2565962ms] [ERROR] Failed to fetch selected model: TypeError: Failed to fetch
    at ApiClient.request (http://localhost:5173/src/api/client.ts:9:28)
    at ApiClient.getSelectedModel (http://localhost:5173/src/api/client.ts:101:17)
    at fetchSelectedModel (http://localhost:5173/src/stores/aiConfigStore.ts:154:32)
    at http://localhost:5173/src/components/layout/Sidebar.tsx:48:5
    at commitHookEffectListMount (http://localhost:5173/node_modules/.vite/deps/chunk-PNGJSGSD.js?v=729b926e:16963:34)
    at invokePassiveEffectMountInDEV (http://localhost:5173/node_modules/.vite/deps/chunk-PNGJSGSD.js?v=729b926e:18374:19)
    at invokeEffectsInDev (http://localhost:5173/node_modules/.vite/deps/chunk-PNGJSGSD.js?v=729b926e:19754:19)
    at commitDoubleInvokeEffectsInDEV (http://localhost:5173/node_modules/.vite/deps/chunk-PNGJSGSD.js?v=729b926e:19739:15)
    at flushPassiveEffectsImpl (http://localhost:5173/node_modules/.vite/deps/chunk-PNGJSGSD.js?v=729b926e:19556:13)
    at flushPassiveEffects (http://localhost:5173/node_modules/.vite/deps/chunk-PNGJSGSD.js?v=729b926e:19500:22) @ http://localhost:5173/src/stores/aiConfigStore.ts:156
[ 2566140ms] [INFO] %cDownload the React DevTools for a better development experience: https://reactjs.org/link/react-devtools font-weight:bold @ http://localhost:5173/node_modules/.vite/deps/chunk-PNGJSGSD.js?v=729b926e:21608
[ 2566202ms] [WARNING] ⚠️ React Router Future Flag Warning: React Router will begin wrapping state updates in `React.startTransition` in v7. You can use the `v7_startTransition` future flag to opt-in early. For more information, see https://reactrouter.com/v6/upgrading/future#v7_starttransition. @ http://localhost:5173/node_modules/.vite/deps/react-router-dom.js?v=729b926e:4435
[ 2566203ms] [WARNING] ⚠️ React Router Future Flag Warning: Relative route resolution within Splat routes is changing in v7. You can use the `v7_relativeSplatPath` future flag to opt-in early. For more information, see https://reactrouter.com/v6/upgrading/future#v7_relativesplatpath. @ http://localhost:5173/node_modules/.vite/deps/react-router-dom.js?v=729b926e:4435
[ 2586579ms] [ERROR] Failed to fetch selected model: TypeError: Failed to fetch
    at ApiClient.request (http://localhost:5173/src/api/client.ts:9:28)
    at ApiClient.getSelectedModel (http://localhost:5173/src/api/client.ts:101:17)
    at fetchSelectedModel (http://localhost:5173/src/stores/aiConfigStore.ts:154:32)
    at http://localhost:5173/src/components/layout/Sidebar.tsx:48:5
    at commitHookEffectListMount (http://localhost:5173/node_modules/.vite/deps/chunk-PNGJSGSD.js?v=729b926e:16963:34)
    at invokePassiveEffectMountInDEV (http://localhost:5173/node_modules/.vite/deps/chunk-PNGJSGSD.js?v=729b926e:18374:19)
    at invokeEffectsInDev (http://localhost:5173/node_modules/.vite/deps/chunk-PNGJSGSD.js?v=729b926e:19754:19)
    at commitDoubleInvokeEffectsInDEV (http://localhost:5173/node_modules/.vite/deps/chunk-PNGJSGSD.js?v=729b926e:19739:15)
    at flushPassiveEffectsImpl (http://localhost:5173/node_modules/.vite/deps/chunk-PNGJSGSD.js?v=729b926e:19556:13)
    at flushPassiveEffects (http://localhost:5173/node_modules/.vite/deps/chunk-PNGJSGSD.js?v=729b926e:19500:22) @ http://localhost:5173/src/stores/aiConfigStore.ts:156
[ 2586585ms] [ERROR] Failed to fetch selected model: TypeError: Failed to fetch
    at ApiClient.request (http://localhost:5173/src/api/client.ts:9:28)
    at ApiClient.getSelectedModel (http://localhost:5173/src/api/client.ts:101:17)
    at fetchSelectedModel (http://localhost:5173/src/stores/aiConfigStore.ts:154:32)
    at http://localhost:5173/src/components/layout/Sidebar.tsx:48:5
    at commitHookEffectListMount (http://localhost:5173/node_modules/.vite/deps/chunk-PNGJSGSD.js?v=729b926e:16963:34)
    at commitPassiveMountOnFiber (http://localhost:5173/node_modules/.vite/deps/chunk-PNGJSGSD.js?v=729b926e:18206:19)
    at commitPassiveMountEffects_complete (http://localhost:5173/node_modules/.vite/deps/chunk-PNGJSGSD.js?v=729b926e:18179:17)
    at commitPassiveMountEffects_begin (http://localhost:5173/node_modules/.vite/deps/chunk-PNGJSGSD.js?v=729b926e:18169:15)
    at commitPassiveMountEffects (http://localhost:5173/node_modules/.vite/deps/chunk-PNGJSGSD.js?v=729b926e:18159:11)
    at flushPassiveEffectsImpl (http://localhost:5173/node_modules/.vite/deps/chunk-PNGJSGSD.js?v=729b926e:19543:11) @ http://localhost:5173/src/stores/aiConfigStore.ts:156
[ 2586733ms] [INFO] %cDownload the React DevTools for a better development experience: https://reactjs.org/link/react-devtools font-weight:bold @ http://localhost:5173/node_modules/.vite/deps/chunk-PNGJSGSD.js?v=729b926e:21608
[ 2586775ms] [WARNING] ⚠️ React Router Future Flag Warning: React Router will begin wrapping state updates in `React.startTransition` in v7. You can use the `v7_startTransition` future flag to opt-in early. For more information, see https://reactrouter.com/v6/upgrading/future#v7_starttransition. @ http://localhost:5173/node_modules/.vite/deps/react-router-dom.js?v=729b926e:4435
[ 2586775ms] [WARNING] ⚠️ React Router Future Flag Warning: Relative route resolution within Splat routes is changing in v7. You can use the `v7_relativeSplatPath` future flag to opt-in early. For more information, see https://reactrouter.com/v6/upgrading/future#v7_relativesplatpath. @ http://localhost:5173/node_modules/.vite/deps/react-router-dom.js?v=729b926e:4435
[ 2838598ms] [ERROR] Failed to fetch selected model: TypeError: Failed to fetch
    at ApiClient.request (http://localhost:5173/src/api/client.ts:9:28)
    at ApiClient.getSelectedModel (http://localhost:5173/src/api/client.ts:101:17)
    at fetchSelectedModel (http://localhost:5173/src/stores/aiConfigStore.ts:154:32)
    at http://localhost:5173/src/components/layout/Sidebar.tsx:48:5
    at commitHookEffectListMount (http://localhost:5173/node_modules/.vite/deps/chunk-PNGJSGSD.js?v=729b926e:16963:34)
    at invokePassiveEffectMountInDEV (http://localhost:5173/node_modules/.vite/deps/chunk-PNGJSGSD.js?v=729b926e:18374:19)
    at invokeEffectsInDev (http://localhost:5173/node_modules/.vite/deps/chunk-PNGJSGSD.js?v=729b926e:19754:19)
    at commitDoubleInvokeEffectsInDEV (http://localhost:5173/node_modules/.vite/deps/chunk-PNGJSGSD.js?v=729b926e:19739:15)
    at flushPassiveEffectsImpl (http://localhost:5173/node_modules/.vite/deps/chunk-PNGJSGSD.js?v=729b926e:19556:13)
    at flushPassiveEffects (http://localhost:5173/node_modules/.vite/deps/chunk-PNGJSGSD.js?v=729b926e:19500:22) @ http://localhost:5173/src/stores/aiConfigStore.ts:156
[ 2838605ms] [ERROR] Failed to fetch selected model: TypeError: Failed to fetch
    at ApiClient.request (http://localhost:5173/src/api/client.ts:9:28)
    at ApiClient.getSelectedModel (http://localhost:5173/src/api/client.ts:101:17)
    at fetchSelectedModel (http://localhost:5173/src/stores/aiConfigStore.ts:154:32)
    at http://localhost:5173/src/components/layout/Sidebar.tsx:48:5
    at commitHookEffectListMount (http://localhost:5173/node_modules/.vite/deps/chunk-PNGJSGSD.js?v=729b926e:16963:34)
    at commitPassiveMountOnFiber (http://localhost:5173/node_modules/.vite/deps/chunk-PNGJSGSD.js?v=729b926e:18206:19)
    at commitPassiveMountEffects_complete (http://localhost:5173/node_modules/.vite/deps/chunk-PNGJSGSD.js?v=729b926e:18179:17)
    at commitPassiveMountEffects_begin (http://localhost:5173/node_modules/.vite/deps/chunk-PNGJSGSD.js?v=729b926e:18169:15)
    at commitPassiveMountEffects (http://localhost:5173/node_modules/.vite/deps/chunk-PNGJSGSD.js?v=729b926e:18159:11)
    at flushPassiveEffectsImpl (http://localhost:5173/node_modules/.vite/deps/chunk-PNGJSGSD.js?v=729b926e:19543:11) @ http://localhost:5173/src/stores/aiConfigStore.ts:156
[ 2838806ms] [INFO] %cDownload the React DevTools for a better development experience: https://reactjs.org/link/react-devtools font-weight:bold @ http://localhost:5173/node_modules/.vite/deps/chunk-PNGJSGSD.js?v=729b926e:21608
[ 2839012ms] [WARNING] ⚠️ React Router Future Flag Warning: React Router will begin wrapping state updates in `React.startTransition` in v7. You can use the `v7_startTransition` future flag to opt-in early. For more information, see https://reactrouter.com/v6/upgrading/future#v7_starttransition. @ http://localhost:5173/node_modules/.vite/deps/react-router-dom.js?v=729b926e:4435
[ 2839012ms] [WARNING] ⚠️ React Router Future Flag Warning: Relative route resolution within Splat routes is changing in v7. You can use the `v7_relativeSplatPath` future flag to opt-in early. For more information, see https://reactrouter.com/v6/upgrading/future#v7_relativesplatpath. @ http://localhost:5173/node_modules/.vite/deps/react-router-dom.js?v=729b926e:4435
[ 2845151ms] [WARNING] File chooser dialog can only be shown with a user activation. @ http://localhost:5173/src/components/workspace/WorkspaceSelector.tsx?t=1775647856940:62
[ 2994015ms] [ERROR] Failed to fetch selected model: TypeError: Failed to fetch
    at ApiClient.request (http://localhost:5173/src/api/client.ts:9:28)
    at ApiClient.getSelectedModel (http://localhost:5173/src/api/client.ts:101:17)
    at fetchSelectedModel (http://localhost:5173/src/stores/aiConfigStore.ts:154:32)
    at http://localhost:5173/src/components/layout/Sidebar.tsx:48:5
    at commitHookEffectListMount (http://localhost:5173/node_modules/.vite/deps/chunk-PNGJSGSD.js?v=729b926e:16963:34)
    at commitPassiveMountOnFiber (http://localhost:5173/node_modules/.vite/deps/chunk-PNGJSGSD.js?v=729b926e:18206:19)
    at commitPassiveMountEffects_complete (http://localhost:5173/node_modules/.vite/deps/chunk-PNGJSGSD.js?v=729b926e:18179:17)
    at commitPassiveMountEffects_begin (http://localhost:5173/node_modules/.vite/deps/chunk-PNGJSGSD.js?v=729b926e:18169:15)
    at commitPassiveMountEffects (http://localhost:5173/node_modules/.vite/deps/chunk-PNGJSGSD.js?v=729b926e:18159:11)
    at flushPassiveEffectsImpl (http://localhost:5173/node_modules/.vite/deps/chunk-PNGJSGSD.js?v=729b926e:19543:11) @ http://localhost:5173/src/stores/aiConfigStore.ts:156
[ 2994018ms] [ERROR] Failed to fetch selected model: TypeError: Failed to fetch
    at ApiClient.request (http://localhost:5173/src/api/client.ts:9:28)
    at ApiClient.getSelectedModel (http://localhost:5173/src/api/client.ts:101:17)
    at fetchSelectedModel (http://localhost:5173/src/stores/aiConfigStore.ts:154:32)
    at http://localhost:5173/src/components/layout/Sidebar.tsx:48:5
    at commitHookEffectListMount (http://localhost:5173/node_modules/.vite/deps/chunk-PNGJSGSD.js?v=729b926e:16963:34)
    at invokePassiveEffectMountInDEV (http://localhost:5173/node_modules/.vite/deps/chunk-PNGJSGSD.js?v=729b926e:18374:19)
    at invokeEffectsInDev (http://localhost:5173/node_modules/.vite/deps/chunk-PNGJSGSD.js?v=729b926e:19754:19)
    at commitDoubleInvokeEffectsInDEV (http://localhost:5173/node_modules/.vite/deps/chunk-PNGJSGSD.js?v=729b926e:19739:15)
    at flushPassiveEffectsImpl (http://localhost:5173/node_modules/.vite/deps/chunk-PNGJSGSD.js?v=729b926e:19556:13)
    at flushPassiveEffects (http://localhost:5173/node_modules/.vite/deps/chunk-PNGJSGSD.js?v=729b926e:19500:22) @ http://localhost:5173/src/stores/aiConfigStore.ts:156
[ 2994355ms] [INFO] %cDownload the React DevTools for a better development experience: https://reactjs.org/link/react-devtools font-weight:bold @ http://localhost:5173/node_modules/.vite/deps/chunk-PNGJSGSD.js?v=729b926e:21608
[ 2994423ms] [WARNING] ⚠️ React Router Future Flag Warning: React Router will begin wrapping state updates in `React.startTransition` in v7. You can use the `v7_startTransition` future flag to opt-in early. For more information, see https://reactrouter.com/v6/upgrading/future#v7_starttransition. @ http://localhost:5173/node_modules/.vite/deps/react-router-dom.js?v=729b926e:4435
[ 2994423ms] [WARNING] ⚠️ React Router Future Flag Warning: Relative route resolution within Splat routes is changing in v7. You can use the `v7_relativeSplatPath` future flag to opt-in early. For more information, see https://reactrouter.com/v6/upgrading/future#v7_relativesplatpath. @ http://localhost:5173/node_modules/.vite/deps/react-router-dom.js?v=729b926e:4435
[ 3039907ms] [WARNING] File chooser dialog can only be shown with a user activation. @ http://localhost:5173/src/components/workspace/WorkspaceSelector.tsx?t=1775648114233:79
[ 3132961ms] [ERROR] Failed to fetch selected model: TypeError: Failed to fetch
    at ApiClient.request (http://localhost:5173/src/api/client.ts:9:28)
    at ApiClient.getSelectedModel (http://localhost:5173/src/api/client.ts:101:17)
    at fetchSelectedModel (http://localhost:5173/src/stores/aiConfigStore.ts:154:32)
    at http://localhost:5173/src/components/layout/Sidebar.tsx:48:5
    at commitHookEffectListMount (http://localhost:5173/node_modules/.vite/deps/chunk-PNGJSGSD.js?v=729b926e:16963:34)
    at invokePassiveEffectMountInDEV (http://localhost:5173/node_modules/.vite/deps/chunk-PNGJSGSD.js?v=729b926e:18374:19)
    at invokeEffectsInDev (http://localhost:5173/node_modules/.vite/deps/chunk-PNGJSGSD.js?v=729b926e:19754:19)
    at commitDoubleInvokeEffectsInDEV (http://localhost:5173/node_modules/.vite/deps/chunk-PNGJSGSD.js?v=729b926e:19739:15)
    at flushPassiveEffectsImpl (http://localhost:5173/node_modules/.vite/deps/chunk-PNGJSGSD.js?v=729b926e:19556:13)
    at flushPassiveEffects (http://localhost:5173/node_modules/.vite/deps/chunk-PNGJSGSD.js?v=729b926e:19500:22) @ http://localhost:5173/src/stores/aiConfigStore.ts:156
[ 3132963ms] [ERROR] Failed to fetch selected model: TypeError: Failed to fetch
    at ApiClient.request (http://localhost:5173/src/api/client.ts:9:28)
    at ApiClient.getSelectedModel (http://localhost:5173/src/api/client.ts:101:17)
    at fetchSelectedModel (http://localhost:5173/src/stores/aiConfigStore.ts:154:32)
    at http://localhost:5173/src/components/layout/Sidebar.tsx:48:5
    at commitHookEffectListMount (http://localhost:5173/node_modules/.vite/deps/chunk-PNGJSGSD.js?v=729b926e:16963:34)
    at commitPassiveMountOnFiber (http://localhost:5173/node_modules/.vite/deps/chunk-PNGJSGSD.js?v=729b926e:18206:19)
    at commitPassiveMountEffects_complete (http://localhost:5173/node_modules/.vite/deps/chunk-PNGJSGSD.js?v=729b926e:18179:17)
    at commitPassiveMountEffects_begin (http://localhost:5173/node_modules/.vite/deps/chunk-PNGJSGSD.js?v=729b926e:18169:15)
    at commitPassiveMountEffects (http://localhost:5173/node_modules/.vite/deps/chunk-PNGJSGSD.js?v=729b926e:18159:11)
    at flushPassiveEffectsImpl (http://localhost:5173/node_modules/.vite/deps/chunk-PNGJSGSD.js?v=729b926e:19543:11) @ http://localhost:5173/src/stores/aiConfigStore.ts:156
[ 3133113ms] [INFO] %cDownload the React DevTools for a better development experience: https://reactjs.org/link/react-devtools font-weight:bold @ http://localhost:5173/node_modules/.vite/deps/chunk-PNGJSGSD.js?v=729b926e:21608
[ 3133178ms] [WARNING] ⚠️ React Router Future Flag Warning: React Router will begin wrapping state updates in `React.startTransition` in v7. You can use the `v7_startTransition` future flag to opt-in early. For more information, see https://reactrouter.com/v6/upgrading/future#v7_starttransition. @ http://localhost:5173/node_modules/.vite/deps/react-router-dom.js?v=729b926e:4435
[ 3133178ms] [WARNING] ⚠️ React Router Future Flag Warning: Relative route resolution within Splat routes is changing in v7. You can use the `v7_relativeSplatPath` future flag to opt-in early. For more information, see https://reactrouter.com/v6/upgrading/future#v7_relativesplatpath. @ http://localhost:5173/node_modules/.vite/deps/react-router-dom.js?v=729b926e:4435
[ 3138196ms] [ERROR] Failed to fetch selected model: TypeError: Failed to fetch
    at ApiClient.request (http://localhost:5173/src/api/client.ts:9:28)
    at ApiClient.getSelectedModel (http://localhost:5173/src/api/client.ts:101:17)
    at fetchSelectedModel (http://localhost:5173/src/stores/aiConfigStore.ts:154:32)
    at http://localhost:5173/src/components/layout/Sidebar.tsx:48:5
    at commitHookEffectListMount (http://localhost:5173/node_modules/.vite/deps/chunk-PNGJSGSD.js?v=729b926e:16963:34)
    at commitPassiveMountOnFiber (http://localhost:5173/node_modules/.vite/deps/chunk-PNGJSGSD.js?v=729b926e:18206:19)
    at commitPassiveMountEffects_complete (http://localhost:5173/node_modules/.vite/deps/chunk-PNGJSGSD.js?v=729b926e:18179:17)
    at commitPassiveMountEffects_begin (http://localhost:5173/node_modules/.vite/deps/chunk-PNGJSGSD.js?v=729b926e:18169:15)
    at commitPassiveMountEffects (http://localhost:5173/node_modules/.vite/deps/chunk-PNGJSGSD.js?v=729b926e:18159:11)
    at flushPassiveEffectsImpl (http://localhost:5173/node_modules/.vite/deps/chunk-PNGJSGSD.js?v=729b926e:19543:11) @ http://localhost:5173/src/stores/aiConfigStore.ts:156
[ 3138196ms] [ERROR] Failed to fetch selected model: TypeError: Failed to fetch
    at ApiClient.request (http://localhost:5173/src/api/client.ts:9:28)
    at ApiClient.getSelectedModel (http://localhost:5173/src/api/client.ts:101:17)
    at fetchSelectedModel (http://localhost:5173/src/stores/aiConfigStore.ts:154:32)
    at http://localhost:5173/src/components/layout/Sidebar.tsx:48:5
    at commitHookEffectListMount (http://localhost:5173/node_modules/.vite/deps/chunk-PNGJSGSD.js?v=729b926e:16963:34)
    at invokePassiveEffectMountInDEV (http://localhost:5173/node_modules/.vite/deps/chunk-PNGJSGSD.js?v=729b926e:18374:19)
    at invokeEffectsInDev (http://localhost:5173/node_modules/.vite/deps/chunk-PNGJSGSD.js?v=729b926e:19754:19)
    at commitDoubleInvokeEffectsInDEV (http://localhost:5173/node_modules/.vite/deps/chunk-PNGJSGSD.js?v=729b926e:19739:15)
    at flushPassiveEffectsImpl (http://localhost:5173/node_modules/.vite/deps/chunk-PNGJSGSD.js?v=729b926e:19556:13)
    at flushPassiveEffects (http://localhost:5173/node_modules/.vite/deps/chunk-PNGJSGSD.js?v=729b926e:19500:22) @ http://localhost:5173/src/stores/aiConfigStore.ts:156
[ 3138286ms] [INFO] %cDownload the React DevTools for a better development experience: https://reactjs.org/link/react-devtools font-weight:bold @ http://localhost:5173/node_modules/.vite/deps/chunk-PNGJSGSD.js?v=729b926e:21608
[ 3138338ms] [WARNING] ⚠️ React Router Future Flag Warning: React Router will begin wrapping state updates in `React.startTransition` in v7. You can use the `v7_startTransition` future flag to opt-in early. For more information, see https://reactrouter.com/v6/upgrading/future#v7_starttransition. @ http://localhost:5173/node_modules/.vite/deps/react-router-dom.js?v=729b926e:4435
[ 3138338ms] [WARNING] ⚠️ React Router Future Flag Warning: Relative route resolution within Splat routes is changing in v7. You can use the `v7_relativeSplatPath` future flag to opt-in early. For more information, see https://reactrouter.com/v6/upgrading/future#v7_relativesplatpath. @ http://localhost:5173/node_modules/.vite/deps/react-router-dom.js?v=729b926e:4435
[ 3415785ms] [WARNING] File chooser dialog can only be shown with a user activation. @ http://localhost:5173/src/components/workspace/WorkspaceSelector.tsx?t=1775648443604:74
[ 3442932ms] [WARNING] File chooser dialog can only be shown with a user activation. @ http://localhost:5173/src/components/workspace/WorkspaceSelector.tsx?t=1775648443604:74
[ 3545221ms] [WARNING] File chooser dialog can only be shown with a user activation. @ http://localhost:5173/src/components/workspace/WorkspaceSelector.tsx?t=1775648723409:72
[ 3571928ms] [ERROR] Failed to fetch selected model: TypeError: Failed to fetch
    at ApiClient.request (http://localhost:5173/src/api/client.ts:9:28)
    at ApiClient.getSelectedModel (http://localhost:5173/src/api/client.ts:101:17)
    at fetchSelectedModel (http://localhost:5173/src/stores/aiConfigStore.ts:154:32)
    at http://localhost:5173/src/components/layout/Sidebar.tsx:48:5
    at commitHookEffectListMount (http://localhost:5173/node_modules/.vite/deps/chunk-PNGJSGSD.js?v=729b926e:16963:34)
    at commitPassiveMountOnFiber (http://localhost:5173/node_modules/.vite/deps/chunk-PNGJSGSD.js?v=729b926e:18206:19)
    at commitPassiveMountEffects_complete (http://localhost:5173/node_modules/.vite/deps/chunk-PNGJSGSD.js?v=729b926e:18179:17)
    at commitPassiveMountEffects_begin (http://localhost:5173/node_modules/.vite/deps/chunk-PNGJSGSD.js?v=729b926e:18169:15)
    at commitPassiveMountEffects (http://localhost:5173/node_modules/.vite/deps/chunk-PNGJSGSD.js?v=729b926e:18159:11)
    at flushPassiveEffectsImpl (http://localhost:5173/node_modules/.vite/deps/chunk-PNGJSGSD.js?v=729b926e:19543:11) @ http://localhost:5173/src/stores/aiConfigStore.ts:156
[ 3571931ms] [ERROR] Failed to fetch selected model: TypeError: Failed to fetch
    at ApiClient.request (http://localhost:5173/src/api/client.ts:9:28)
    at ApiClient.getSelectedModel (http://localhost:5173/src/api/client.ts:101:17)
    at fetchSelectedModel (http://localhost:5173/src/stores/aiConfigStore.ts:154:32)
    at http://localhost:5173/src/components/layout/Sidebar.tsx:48:5
    at commitHookEffectListMount (http://localhost:5173/node_modules/.vite/deps/chunk-PNGJSGSD.js?v=729b926e:16963:34)
    at invokePassiveEffectMountInDEV (http://localhost:5173/node_modules/.vite/deps/chunk-PNGJSGSD.js?v=729b926e:18374:19)
    at invokeEffectsInDev (http://localhost:5173/node_modules/.vite/deps/chunk-PNGJSGSD.js?v=729b926e:19754:19)
    at commitDoubleInvokeEffectsInDEV (http://localhost:5173/node_modules/.vite/deps/chunk-PNGJSGSD.js?v=729b926e:19739:15)
    at flushPassiveEffectsImpl (http://localhost:5173/node_modules/.vite/deps/chunk-PNGJSGSD.js?v=729b926e:19556:13)
    at flushPassiveEffects (http://localhost:5173/node_modules/.vite/deps/chunk-PNGJSGSD.js?v=729b926e:19500:22) @ http://localhost:5173/src/stores/aiConfigStore.ts:156
[ 3572100ms] [INFO] %cDownload the React DevTools for a better development experience: https://reactjs.org/link/react-devtools font-weight:bold @ http://localhost:5173/node_modules/.vite/deps/chunk-PNGJSGSD.js?v=729b926e:21608
[ 3572145ms] [WARNING] ⚠️ React Router Future Flag Warning: React Router will begin wrapping state updates in `React.startTransition` in v7. You can use the `v7_startTransition` future flag to opt-in early. For more information, see https://reactrouter.com/v6/upgrading/future#v7_starttransition. @ http://localhost:5173/node_modules/.vite/deps/react-router-dom.js?v=729b926e:4435
[ 3572145ms] [WARNING] ⚠️ React Router Future Flag Warning: Relative route resolution within Splat routes is changing in v7. You can use the `v7_relativeSplatPath` future flag to opt-in early. For more information, see https://reactrouter.com/v6/upgrading/future#v7_relativesplatpath. @ http://localhost:5173/node_modules/.vite/deps/react-router-dom.js?v=729b926e:4435
[ 3932938ms] [ERROR] Failed to load resource: net::ERR_NETWORK_CHANGED @ http://localhost:8080/api/v1/ai/models:0
[ 3932945ms] [ERROR] Failed to load resource: net::ERR_NETWORK_CHANGED @ http://localhost:8080/api/v1/ai/selected:0
[ 3932946ms] [ERROR] Failed to fetch selected model: TypeError: Failed to fetch
    at ApiClient.request (http://localhost:5173/src/api/client.ts:9:28)
    at ApiClient.getSelectedModel (http://localhost:5173/src/api/client.ts:101:17)
    at fetchSelectedModel (http://localhost:5173/src/stores/aiConfigStore.ts:154:32)
    at http://localhost:5173/src/components/layout/Sidebar.tsx:48:5
    at commitHookEffectListMount (http://localhost:5173/node_modules/.vite/deps/chunk-PNGJSGSD.js?v=729b926e:16963:34)
    at commitPassiveMountOnFiber (http://localhost:5173/node_modules/.vite/deps/chunk-PNGJSGSD.js?v=729b926e:18206:19)
    at commitPassiveMountEffects_complete (http://localhost:5173/node_modules/.vite/deps/chunk-PNGJSGSD.js?v=729b926e:18179:17)
    at commitPassiveMountEffects_begin (http://localhost:5173/node_modules/.vite/deps/chunk-PNGJSGSD.js?v=729b926e:18169:15)
    at commitPassiveMountEffects (http://localhost:5173/node_modules/.vite/deps/chunk-PNGJSGSD.js?v=729b926e:18159:11)
    at flushPassiveEffectsImpl (http://localhost:5173/node_modules/.vite/deps/chunk-PNGJSGSD.js?v=729b926e:19543:11) @ http://localhost:5173/src/stores/aiConfigStore.ts:156
[ 3932952ms] [ERROR] Failed to load resource: net::ERR_NETWORK_CHANGED @ http://localhost:8080/api/v1/ai/models:0
[ 3932954ms] [ERROR] Failed to load resource: net::ERR_NETWORK_CHANGED @ http://localhost:8080/api/v1/ai/selected:0
[ 3932954ms] [ERROR] Failed to fetch selected model: TypeError: Failed to fetch
    at ApiClient.request (http://localhost:5173/src/api/client.ts:9:28)
    at ApiClient.getSelectedModel (http://localhost:5173/src/api/client.ts:101:17)
    at fetchSelectedModel (http://localhost:5173/src/stores/aiConfigStore.ts:154:32)
    at http://localhost:5173/src/components/layout/Sidebar.tsx:48:5
    at commitHookEffectListMount (http://localhost:5173/node_modules/.vite/deps/chunk-PNGJSGSD.js?v=729b926e:16963:34)
    at invokePassiveEffectMountInDEV (http://localhost:5173/node_modules/.vite/deps/chunk-PNGJSGSD.js?v=729b926e:18374:19)
    at invokeEffectsInDev (http://localhost:5173/node_modules/.vite/deps/chunk-PNGJSGSD.js?v=729b926e:19754:19)
    at commitDoubleInvokeEffectsInDEV (http://localhost:5173/node_modules/.vite/deps/chunk-PNGJSGSD.js?v=729b926e:19739:15)
    at flushPassiveEffectsImpl (http://localhost:5173/node_modules/.vite/deps/chunk-PNGJSGSD.js?v=729b926e:19556:13)
    at flushPassiveEffects (http://localhost:5173/node_modules/.vite/deps/chunk-PNGJSGSD.js?v=729b926e:19500:22) @ http://localhost:5173/src/stores/aiConfigStore.ts:156
[ 4252200ms] [INFO] %cDownload the React DevTools for a better development experience: https://reactjs.org/link/react-devtools font-weight:bold @ http://localhost:5173/node_modules/.vite/deps/chunk-PNGJSGSD.js?v=729b926e:21608
[ 4252344ms] [WARNING] ⚠️ React Router Future Flag Warning: React Router will begin wrapping state updates in `React.startTransition` in v7. You can use the `v7_startTransition` future flag to opt-in early. For more information, see https://reactrouter.com/v6/upgrading/future#v7_starttransition. @ http://localhost:5173/node_modules/.vite/deps/react-router-dom.js?v=729b926e:4435
[ 4252344ms] [WARNING] ⚠️ React Router Future Flag Warning: Relative route resolution within Splat routes is changing in v7. You can use the `v7_relativeSplatPath` future flag to opt-in early. For more information, see https://reactrouter.com/v6/upgrading/future#v7_relativesplatpath. @ http://localhost:5173/node_modules/.vite/deps/react-router-dom.js?v=729b926e:4435
[ 4263250ms] [ERROR] Failed to fetch selected model: TypeError: Failed to fetch
    at ApiClient.request (http://localhost:5173/src/api/client.ts:9:28)
    at ApiClient.getSelectedModel (http://localhost:5173/src/api/client.ts:101:17)
    at fetchSelectedModel (http://localhost:5173/src/stores/aiConfigStore.ts:154:32)
    at http://localhost:5173/src/components/layout/Sidebar.tsx:48:5
    at commitHookEffectListMount (http://localhost:5173/node_modules/.vite/deps/chunk-PNGJSGSD.js?v=729b926e:16963:34)
    at commitPassiveMountOnFiber (http://localhost:5173/node_modules/.vite/deps/chunk-PNGJSGSD.js?v=729b926e:18206:19)
    at commitPassiveMountEffects_complete (http://localhost:5173/node_modules/.vite/deps/chunk-PNGJSGSD.js?v=729b926e:18179:17)
    at commitPassiveMountEffects_begin (http://localhost:5173/node_modules/.vite/deps/chunk-PNGJSGSD.js?v=729b926e:18169:15)
    at commitPassiveMountEffects (http://localhost:5173/node_modules/.vite/deps/chunk-PNGJSGSD.js?v=729b926e:18159:11)
    at flushPassiveEffectsImpl (http://localhost:5173/node_modules/.vite/deps/chunk-PNGJSGSD.js?v=729b926e:19543:11) @ http://localhost:5173/src/stores/aiConfigStore.ts:156
[ 4263252ms] [ERROR] Failed to fetch selected model: TypeError: Failed to fetch
    at ApiClient.request (http://localhost:5173/src/api/client.ts:9:28)
    at ApiClient.getSelectedModel (http://localhost:5173/src/api/client.ts:101:17)
    at fetchSelectedModel (http://localhost:5173/src/stores/aiConfigStore.ts:154:32)
    at http://localhost:5173/src/components/layout/Sidebar.tsx:48:5
    at commitHookEffectListMount (http://localhost:5173/node_modules/.vite/deps/chunk-PNGJSGSD.js?v=729b926e:16963:34)
    at invokePassiveEffectMountInDEV (http://localhost:5173/node_modules/.vite/deps/chunk-PNGJSGSD.js?v=729b926e:18374:19)
    at invokeEffectsInDev (http://localhost:5173/node_modules/.vite/deps/chunk-PNGJSGSD.js?v=729b926e:19754:19)
    at commitDoubleInvokeEffectsInDEV (http://localhost:5173/node_modules/.vite/deps/chunk-PNGJSGSD.js?v=729b926e:19739:15)
    at flushPassiveEffectsImpl (http://localhost:5173/node_modules/.vite/deps/chunk-PNGJSGSD.js?v=729b926e:19556:13)
    at flushPassiveEffects (http://localhost:5173/node_modules/.vite/deps/chunk-PNGJSGSD.js?v=729b926e:19500:22) @ http://localhost:5173/src/stores/aiConfigStore.ts:156
[ 4263375ms] [INFO] %cDownload the React DevTools for a better development experience: https://reactjs.org/link/react-devtools font-weight:bold @ http://localhost:5173/node_modules/.vite/deps/chunk-PNGJSGSD.js?v=729b926e:21608
[ 4263416ms] [WARNING] ⚠️ React Router Future Flag Warning: React Router will begin wrapping state updates in `React.startTransition` in v7. You can use the `v7_startTransition` future flag to opt-in early. For more information, see https://reactrouter.com/v6/upgrading/future#v7_starttransition. @ http://localhost:5173/node_modules/.vite/deps/react-router-dom.js?v=729b926e:4435
[ 4263416ms] [WARNING] ⚠️ React Router Future Flag Warning: Relative route resolution within Splat routes is changing in v7. You can use the `v7_relativeSplatPath` future flag to opt-in early. For more information, see https://reactrouter.com/v6/upgrading/future#v7_relativesplatpath. @ http://localhost:5173/node_modules/.vite/deps/react-router-dom.js?v=729b926e:4435
[ 4511274ms] [ERROR] Warning: React does not recognize the `%s` prop on a DOM element. If you intentionally want it to appear in the DOM as a custom attribute, spell it as lowercase `%s` instead. If you accidentally passed it from a parent component, remove it from the DOM element.%s webkitDirectory webkitdirectory 
    at input
    at div
    at WorkspaceSelector (http://localhost:5173/src/components/workspace/WorkspaceSelector.tsx?t=1775649744802:31:7)
    at div
    at header
    at div
    at div
    at Dashboard (http://localhost:5173/src/components/layout/Dashboard.tsx?t=1775649401340:27:49)
    at RenderedRoute (http://localhost:5173/node_modules/.vite/deps/react-router-dom.js?v=729b926e:4131:5)
    at Routes (http://localhost:5173/node_modules/.vite/deps/react-router-dom.js?v=729b926e:4601:5)
    at Suspense
    at Router (http://localhost:5173/node_modules/.vite/deps/react-router-dom.js?v=729b926e:4544:15)
    at BrowserRouter (http://localhost:5173/node_modules/.vite/deps/react-router-dom.js?v=729b926e:5290:5)
    at QueryClientProvider (http://localhost:5173/node_modules/.vite/deps/@tanstack_react-query.js?v=729b926e:3194:3)
    at App (http://localhost:5173/src/App.tsx?t=1775649401340:116:3) @ http://localhost:5173/node_modules/.vite/deps/chunk-PNGJSGSD.js?v=729b926e:520
[ 4693236ms] [ERROR] Failed to fetch selected model: TypeError: Failed to fetch
    at ApiClient.request (http://localhost:5173/src/api/client.ts:9:28)
    at ApiClient.getSelectedModel (http://localhost:5173/src/api/client.ts:101:17)
    at fetchSelectedModel (http://localhost:5173/src/stores/aiConfigStore.ts:154:32)
    at http://localhost:5173/src/components/layout/Sidebar.tsx:48:5
    at commitHookEffectListMount (http://localhost:5173/node_modules/.vite/deps/chunk-PNGJSGSD.js?v=729b926e:16963:34)
    at commitPassiveMountOnFiber (http://localhost:5173/node_modules/.vite/deps/chunk-PNGJSGSD.js?v=729b926e:18206:19)
    at commitPassiveMountEffects_complete (http://localhost:5173/node_modules/.vite/deps/chunk-PNGJSGSD.js?v=729b926e:18179:17)
    at commitPassiveMountEffects_begin (http://localhost:5173/node_modules/.vite/deps/chunk-PNGJSGSD.js?v=729b926e:18169:15)
    at commitPassiveMountEffects (http://localhost:5173/node_modules/.vite/deps/chunk-PNGJSGSD.js?v=729b926e:18159:11)
    at flushPassiveEffectsImpl (http://localhost:5173/node_modules/.vite/deps/chunk-PNGJSGSD.js?v=729b926e:19543:11) @ http://localhost:5173/src/stores/aiConfigStore.ts:156
[ 4693240ms] [ERROR] Failed to fetch selected model: TypeError: Failed to fetch
    at ApiClient.request (http://localhost:5173/src/api/client.ts:9:28)
    at ApiClient.getSelectedModel (http://localhost:5173/src/api/client.ts:101:17)
    at fetchSelectedModel (http://localhost:5173/src/stores/aiConfigStore.ts:154:32)
    at http://localhost:5173/src/components/layout/Sidebar.tsx:48:5
    at commitHookEffectListMount (http://localhost:5173/node_modules/.vite/deps/chunk-PNGJSGSD.js?v=729b926e:16963:34)
    at invokePassiveEffectMountInDEV (http://localhost:5173/node_modules/.vite/deps/chunk-PNGJSGSD.js?v=729b926e:18374:19)
    at invokeEffectsInDev (http://localhost:5173/node_modules/.vite/deps/chunk-PNGJSGSD.js?v=729b926e:19754:19)
    at commitDoubleInvokeEffectsInDEV (http://localhost:5173/node_modules/.vite/deps/chunk-PNGJSGSD.js?v=729b926e:19739:15)
    at flushPassiveEffectsImpl (http://localhost:5173/node_modules/.vite/deps/chunk-PNGJSGSD.js?v=729b926e:19556:13)
    at flushPassiveEffects (http://localhost:5173/node_modules/.vite/deps/chunk-PNGJSGSD.js?v=729b926e:19500:22) @ http://localhost:5173/src/stores/aiConfigStore.ts:156
[ 4693611ms] [INFO] %cDownload the React DevTools for a better development experience: https://reactjs.org/link/react-devtools font-weight:bold @ http://localhost:5173/node_modules/.vite/deps/chunk-PNGJSGSD.js?v=729b926e:21608
[ 4693659ms] [ERROR] Warning: React does not recognize the `%s` prop on a DOM element. If you intentionally want it to appear in the DOM as a custom attribute, spell it as lowercase `%s` instead. If you accidentally passed it from a parent component, remove it from the DOM element.%s webkitDirectory webkitdirectory 
    at input
    at div
    at WorkspaceSelector (http://localhost:5173/src/components/workspace/WorkspaceSelector.tsx?t=1775649744802:31:7)
    at div
    at header
    at div
    at div
    at Dashboard (http://localhost:5173/src/components/layout/Dashboard.tsx?t=1775649744802:27:49)
    at RenderedRoute (http://localhost:5173/node_modules/.vite/deps/react-router-dom.js?v=729b926e:4131:5)
    at Routes (http://localhost:5173/node_modules/.vite/deps/react-router-dom.js?v=729b926e:4601:5)
    at Suspense
    at Router (http://localhost:5173/node_modules/.vite/deps/react-router-dom.js?v=729b926e:4544:15)
    at BrowserRouter (http://localhost:5173/node_modules/.vite/deps/react-router-dom.js?v=729b926e:5290:5)
    at QueryClientProvider (http://localhost:5173/node_modules/.vite/deps/@tanstack_react-query.js?v=729b926e:3194:3)
    at App (http://localhost:5173/src/App.tsx?t=1775649744802:116:3) @ http://localhost:5173/node_modules/.vite/deps/chunk-PNGJSGSD.js?v=729b926e:520
[ 4693688ms] [WARNING] ⚠️ React Router Future Flag Warning: React Router will begin wrapping state updates in `React.startTransition` in v7. You can use the `v7_startTransition` future flag to opt-in early. For more information, see https://reactrouter.com/v6/upgrading/future#v7_starttransition. @ http://localhost:5173/node_modules/.vite/deps/react-router-dom.js?v=729b926e:4435
[ 4693688ms] [WARNING] ⚠️ React Router Future Flag Warning: Relative route resolution within Splat routes is changing in v7. You can use the `v7_relativeSplatPath` future flag to opt-in early. For more information, see https://reactrouter.com/v6/upgrading/future#v7_relativesplatpath. @ http://localhost:5173/node_modules/.vite/deps/react-router-dom.js?v=729b926e:4435
[ 4949954ms] [ERROR] Failed to fetch selected model: TypeError: Failed to fetch
    at ApiClient.request (http://localhost:5173/src/api/client.ts:9:28)
    at ApiClient.getSelectedModel (http://localhost:5173/src/api/client.ts:101:17)
    at fetchSelectedModel (http://localhost:5173/src/stores/aiConfigStore.ts:154:32)
    at http://localhost:5173/src/components/layout/Sidebar.tsx:48:5
    at commitHookEffectListMount (http://localhost:5173/node_modules/.vite/deps/chunk-PNGJSGSD.js?v=729b926e:16963:34)
    at invokePassiveEffectMountInDEV (http://localhost:5173/node_modules/.vite/deps/chunk-PNGJSGSD.js?v=729b926e:18374:19)
    at invokeEffectsInDev (http://localhost:5173/node_modules/.vite/deps/chunk-PNGJSGSD.js?v=729b926e:19754:19)
    at commitDoubleInvokeEffectsInDEV (http://localhost:5173/node_modules/.vite/deps/chunk-PNGJSGSD.js?v=729b926e:19739:15)
    at flushPassiveEffectsImpl (http://localhost:5173/node_modules/.vite/deps/chunk-PNGJSGSD.js?v=729b926e:19556:13)
    at flushPassiveEffects (http://localhost:5173/node_modules/.vite/deps/chunk-PNGJSGSD.js?v=729b926e:19500:22) @ http://localhost:5173/src/stores/aiConfigStore.ts:156
[ 4949957ms] [ERROR] Failed to fetch selected model: TypeError: Failed to fetch
    at ApiClient.request (http://localhost:5173/src/api/client.ts:9:28)
    at ApiClient.getSelectedModel (http://localhost:5173/src/api/client.ts:101:17)
    at fetchSelectedModel (http://localhost:5173/src/stores/aiConfigStore.ts:154:32)
    at http://localhost:5173/src/components/layout/Sidebar.tsx:48:5
    at commitHookEffectListMount (http://localhost:5173/node_modules/.vite/deps/chunk-PNGJSGSD.js?v=729b926e:16963:34)
    at commitPassiveMountOnFiber (http://localhost:5173/node_modules/.vite/deps/chunk-PNGJSGSD.js?v=729b926e:18206:19)
    at commitPassiveMountEffects_complete (http://localhost:5173/node_modules/.vite/deps/chunk-PNGJSGSD.js?v=729b926e:18179:17)
    at commitPassiveMountEffects_begin (http://localhost:5173/node_modules/.vite/deps/chunk-PNGJSGSD.js?v=729b926e:18169:15)
    at commitPassiveMountEffects (http://localhost:5173/node_modules/.vite/deps/chunk-PNGJSGSD.js?v=729b926e:18159:11)
    at flushPassiveEffectsImpl (http://localhost:5173/node_modules/.vite/deps/chunk-PNGJSGSD.js?v=729b926e:19543:11) @ http://localhost:5173/src/stores/aiConfigStore.ts:156
[ 4950099ms] [INFO] %cDownload the React DevTools for a better development experience: https://reactjs.org/link/react-devtools font-weight:bold @ http://localhost:5173/node_modules/.vite/deps/chunk-PNGJSGSD.js?v=729b926e:21608
[ 4950166ms] [ERROR] Warning: React does not recognize the `%s` prop on a DOM element. If you intentionally want it to appear in the DOM as a custom attribute, spell it as lowercase `%s` instead. If you accidentally passed it from a parent component, remove it from the DOM element.%s webkitDirectory webkitdirectory 
    at input
    at div
    at WorkspaceSelector (http://localhost:5173/src/components/workspace/WorkspaceSelector.tsx?t=1775649744802:31:7)
    at div
    at header
    at div
    at div
    at Dashboard (http://localhost:5173/src/components/layout/Dashboard.tsx?t=1775649744802:27:49)
    at RenderedRoute (http://localhost:5173/node_modules/.vite/deps/react-router-dom.js?v=729b926e:4131:5)
    at Routes (http://localhost:5173/node_modules/.vite/deps/react-router-dom.js?v=729b926e:4601:5)
    at Suspense
    at Router (http://localhost:5173/node_modules/.vite/deps/react-router-dom.js?v=729b926e:4544:15)
    at BrowserRouter (http://localhost:5173/node_modules/.vite/deps/react-router-dom.js?v=729b926e:5290:5)
    at QueryClientProvider (http://localhost:5173/node_modules/.vite/deps/@tanstack_react-query.js?v=729b926e:3194:3)
    at App (http://localhost:5173/src/App.tsx?t=1775649744802:116:3) @ http://localhost:5173/node_modules/.vite/deps/chunk-PNGJSGSD.js?v=729b926e:520
[ 4950195ms] [WARNING] ⚠️ React Router Future Flag Warning: React Router will begin wrapping state updates in `React.startTransition` in v7. You can use the `v7_startTransition` future flag to opt-in early. For more information, see https://reactrouter.com/v6/upgrading/future#v7_starttransition. @ http://localhost:5173/node_modules/.vite/deps/react-router-dom.js?v=729b926e:4435
[ 4950196ms] [WARNING] ⚠️ React Router Future Flag Warning: Relative route resolution within Splat routes is changing in v7. You can use the `v7_relativeSplatPath` future flag to opt-in early. For more information, see https://reactrouter.com/v6/upgrading/future#v7_relativesplatpath. @ http://localhost:5173/node_modules/.vite/deps/react-router-dom.js?v=729b926e:4435
[ 5216982ms] [WARNING] File chooser dialog can only be shown with a user activation. @ http://localhost:5173/src/components/workspace/WorkspaceSelector.tsx?t=1775650449421:39
[ 5394788ms] [ERROR] Failed to fetch selected model: TypeError: Failed to fetch
    at ApiClient.request (http://localhost:5173/src/api/client.ts:9:28)
    at ApiClient.getSelectedModel (http://localhost:5173/src/api/client.ts:101:17)
    at fetchSelectedModel (http://localhost:5173/src/stores/aiConfigStore.ts:154:32)
    at http://localhost:5173/src/components/layout/Sidebar.tsx:48:5
    at commitHookEffectListMount (http://localhost:5173/node_modules/.vite/deps/chunk-PNGJSGSD.js?v=729b926e:16963:34)
    at commitPassiveMountOnFiber (http://localhost:5173/node_modules/.vite/deps/chunk-PNGJSGSD.js?v=729b926e:18206:19)
    at commitPassiveMountEffects_complete (http://localhost:5173/node_modules/.vite/deps/chunk-PNGJSGSD.js?v=729b926e:18179:17)
    at commitPassiveMountEffects_begin (http://localhost:5173/node_modules/.vite/deps/chunk-PNGJSGSD.js?v=729b926e:18169:15)
    at commitPassiveMountEffects (http://localhost:5173/node_modules/.vite/deps/chunk-PNGJSGSD.js?v=729b926e:18159:11)
    at flushPassiveEffectsImpl (http://localhost:5173/node_modules/.vite/deps/chunk-PNGJSGSD.js?v=729b926e:19543:11) @ http://localhost:5173/src/stores/aiConfigStore.ts:156
[ 5394791ms] [ERROR] Failed to fetch selected model: TypeError: Failed to fetch
    at ApiClient.request (http://localhost:5173/src/api/client.ts:9:28)
    at ApiClient.getSelectedModel (http://localhost:5173/src/api/client.ts:101:17)
    at fetchSelectedModel (http://localhost:5173/src/stores/aiConfigStore.ts:154:32)
    at http://localhost:5173/src/components/layout/Sidebar.tsx:48:5
    at commitHookEffectListMount (http://localhost:5173/node_modules/.vite/deps/chunk-PNGJSGSD.js?v=729b926e:16963:34)
    at invokePassiveEffectMountInDEV (http://localhost:5173/node_modules/.vite/deps/chunk-PNGJSGSD.js?v=729b926e:18374:19)
    at invokeEffectsInDev (http://localhost:5173/node_modules/.vite/deps/chunk-PNGJSGSD.js?v=729b926e:19754:19)
    at commitDoubleInvokeEffectsInDEV (http://localhost:5173/node_modules/.vite/deps/chunk-PNGJSGSD.js?v=729b926e:19739:15)
    at flushPassiveEffectsImpl (http://localhost:5173/node_modules/.vite/deps/chunk-PNGJSGSD.js?v=729b926e:19556:13)
    at flushPassiveEffects (http://localhost:5173/node_modules/.vite/deps/chunk-PNGJSGSD.js?v=729b926e:19500:22) @ http://localhost:5173/src/stores/aiConfigStore.ts:156
[ 5394971ms] [INFO] %cDownload the React DevTools for a better development experience: https://reactjs.org/link/react-devtools font-weight:bold @ http://localhost:5173/node_modules/.vite/deps/chunk-PNGJSGSD.js?v=729b926e:21608
[ 5395041ms] [WARNING] ⚠️ React Router Future Flag Warning: React Router will begin wrapping state updates in `React.startTransition` in v7. You can use the `v7_startTransition` future flag to opt-in early. For more information, see https://reactrouter.com/v6/upgrading/future#v7_starttransition. @ http://localhost:5173/node_modules/.vite/deps/react-router-dom.js?v=729b926e:4435
[ 5395041ms] [WARNING] ⚠️ React Router Future Flag Warning: Relative route resolution within Splat routes is changing in v7. You can use the `v7_relativeSplatPath` future flag to opt-in early. For more information, see https://reactrouter.com/v6/upgrading/future#v7_relativesplatpath. @ http://localhost:5173/node_modules/.vite/deps/react-router-dom.js?v=729b926e:4435
[ 5604256ms] [ERROR] Failed to fetch selected model: TypeError: Failed to fetch
    at ApiClient.request (http://localhost:5173/src/api/client.ts:9:28)
    at ApiClient.getSelectedModel (http://localhost:5173/src/api/client.ts:101:17)
    at fetchSelectedModel (http://localhost:5173/src/stores/aiConfigStore.ts:154:32)
    at http://localhost:5173/src/components/layout/Sidebar.tsx:48:5
    at commitHookEffectListMount (http://localhost:5173/node_modules/.vite/deps/chunk-PNGJSGSD.js?v=729b926e:16963:34)
    at invokePassiveEffectMountInDEV (http://localhost:5173/node_modules/.vite/deps/chunk-PNGJSGSD.js?v=729b926e:18374:19)
    at invokeEffectsInDev (http://localhost:5173/node_modules/.vite/deps/chunk-PNGJSGSD.js?v=729b926e:19754:19)
    at commitDoubleInvokeEffectsInDEV (http://localhost:5173/node_modules/.vite/deps/chunk-PNGJSGSD.js?v=729b926e:19739:15)
    at flushPassiveEffectsImpl (http://localhost:5173/node_modules/.vite/deps/chunk-PNGJSGSD.js?v=729b926e:19556:13)
    at flushPassiveEffects (http://localhost:5173/node_modules/.vite/deps/chunk-PNGJSGSD.js?v=729b926e:19500:22) @ http://localhost:5173/src/stores/aiConfigStore.ts:156
[ 5604262ms] [ERROR] Failed to fetch selected model: TypeError: Failed to fetch
    at ApiClient.request (http://localhost:5173/src/api/client.ts:9:28)
    at ApiClient.getSelectedModel (http://localhost:5173/src/api/client.ts:101:17)
    at fetchSelectedModel (http://localhost:5173/src/stores/aiConfigStore.ts:154:32)
    at http://localhost:5173/src/components/layout/Sidebar.tsx:48:5
    at commitHookEffectListMount (http://localhost:5173/node_modules/.vite/deps/chunk-PNGJSGSD.js?v=729b926e:16963:34)
    at commitPassiveMountOnFiber (http://localhost:5173/node_modules/.vite/deps/chunk-PNGJSGSD.js?v=729b926e:18206:19)
    at commitPassiveMountEffects_complete (http://localhost:5173/node_modules/.vite/deps/chunk-PNGJSGSD.js?v=729b926e:18179:17)
    at commitPassiveMountEffects_begin (http://localhost:5173/node_modules/.vite/deps/chunk-PNGJSGSD.js?v=729b926e:18169:15)
    at commitPassiveMountEffects (http://localhost:5173/node_modules/.vite/deps/chunk-PNGJSGSD.js?v=729b926e:18159:11)
    at flushPassiveEffectsImpl (http://localhost:5173/node_modules/.vite/deps/chunk-PNGJSGSD.js?v=729b926e:19543:11) @ http://localhost:5173/src/stores/aiConfigStore.ts:156
[ 5604425ms] [INFO] %cDownload the React DevTools for a better development experience: https://reactjs.org/link/react-devtools font-weight:bold @ http://localhost:5173/node_modules/.vite/deps/chunk-PNGJSGSD.js?v=729b926e:21608
[ 5604534ms] [WARNING] ⚠️ React Router Future Flag Warning: React Router will begin wrapping state updates in `React.startTransition` in v7. You can use the `v7_startTransition` future flag to opt-in early. For more information, see https://reactrouter.com/v6/upgrading/future#v7_starttransition. @ http://localhost:5173/node_modules/.vite/deps/react-router-dom.js?v=729b926e:4435
[ 5604534ms] [WARNING] ⚠️ React Router Future Flag Warning: Relative route resolution within Splat routes is changing in v7. You can use the `v7_relativeSplatPath` future flag to opt-in early. For more information, see https://reactrouter.com/v6/upgrading/future#v7_relativesplatpath. @ http://localhost:5173/node_modules/.vite/deps/react-router-dom.js?v=729b926e:4435
