[ 7577915ms] [ERROR] Failed to load resource: the server responded with a status of 503 () @ https://collector.github.com/github/collect:0
[ 7577937ms] [ERROR] Failed to load resource: the server responded with a status of 503 () @ https://collector.github.com/github/collect:0
[ 7577949ms] [ERROR] Failed to load resource: the server responded with a status of 503 () @ https://collector.github.com/github/collect:0
[ 7584552ms] [ERROR] Failed to load resource: the server responded with a status of 503 () @ https://collector.github.com/github/collect:0
[ 7589909ms] [ERROR] Failed to load resource: the server responded with a status of 503 () @ https://collector.github.com/github/collect:0
[ 7592065ms] [ERROR] Failed to load resource: the server responded with a status of 503 () @ https://collector.github.com/github/collect:0
[ 7618923ms] [ERROR] Failed to load resource: the server responded with a status of 503 () @ https://collector.github.com/github/collect:0
[ 7878475ms] [ERROR] Failed to load resource: the server responded with a status of 503 () @ https://collector.github.com/github/collect:0
[ 7878538ms] [ERROR] Failed to load resource: the server responded with a status of 503 () @ https://collector.github.com/github/collect:0
[ 7890456ms] [ERROR] Failed to load resource: the server responded with a status of 503 () @ https://collector.github.com/github/collect:0
[ 7906498ms] [ERROR] Failed to load resource: the server responded with a status of 503 () @ https://collector.github.com/github/collect:0
[ 7906499ms] [ERROR] Failed to load resource: the server responded with a status of 503 () @ https://collector.github.com/github/collect:0
[ 7924691ms] [ERROR] Failed to load resource: the server responded with a status of 503 () @ https://collector.github.com/github/collect:0
[ 7925209ms] [ERROR] Failed to load resource: the server responded with a status of 503 () @ https://collector.github.com/github/collect:0
[ 7926435ms] [ERROR] Failed to load resource: the server responded with a status of 503 () @ https://collector.github.com/github/collect:0
[ 7927063ms] [ERROR] Failed to load resource: the server responded with a status of 503 () @ https://collector.github.com/github/collect:0
[ 7929676ms] [ERROR] Failed to load resource: the server responded with a status of 503 () @ https://collector.github.com/github/collect:0
[ 7938614ms] [ERROR] Failed to load resource: the server responded with a status of 503 () @ https://collector.github.com/github/collect:0
[ 7938832ms] [ERROR] Failed to load resource: the server responded with a status of 503 () @ https://collector.github.com/github/collect:0
[ 7950262ms] [ERROR] Failed to load resource: the server responded with a status of 503 () @ https://collector.github.com/github/collect:0
[ 7958930ms] [ERROR] Failed to load resource: the server responded with a status of 503 () @ https://collector.github.com/github/collect:0
[ 7966413ms] [ERROR] Failed to load resource: the server responded with a status of 503 () @ https://collector.github.com/github/collect:0
[ 7967496ms] [ERROR] Failed to load resource: the server responded with a status of 503 () @ https://collector.github.com/github/collect:0
[ 7975337ms] [ERROR] Failed to load resource: the server responded with a status of 503 () @ https://collector.github.com/github/collect:0
[ 7975535ms] [ERROR] Failed to load resource: the server responded with a status of 503 () @ https://collector.github.com/github/collect:0
[ 7977557ms] [ERROR] Failed to load resource: the server responded with a status of 503 () @ https://collector.github.com/github/collect:0
[ 7982749ms] [ERROR] Failed to load resource: the server responded with a status of 503 () @ https://collector.github.com/github/collect:0
[ 7985164ms] [ERROR] Failed to load resource: the server responded with a status of 503 () @ https://collector.github.com/github/collect:0
[ 7992862ms] [ERROR] Failed to load resource: the server responded with a status of 503 () @ https://collector.github.com/github/collect:0
[ 7993016ms] [ERROR] Failed to load resource: the server responded with a status of 503 () @ https://collector.github.com/github/collect:0
[ 7995497ms] [ERROR] Failed to load resource: the server responded with a status of 503 () @ https://collector.github.com/github/collect:0
[ 7995707ms] [ERROR] Failed to load resource: the server responded with a status of 503 () @ https://collector.github.com/github/collect:0
[ 7996205ms] [ERROR] Failed to load resource: the server responded with a status of 503 () @ https://collector.github.com/github/collect:0
[ 7998649ms] [ERROR] Failed to load resource: the server responded with a status of 503 () @ https://collector.github.com/github/collect:0
[ 8010555ms] [ERROR] Failed to load resource: the server responded with a status of 503 () @ https://collector.github.com/github/collect:0
[ 8021360ms] [ERROR] Failed to load resource: the server responded with a status of 503 () @ https://collector.github.com/github/collect:0
[ 8043102ms] [ERROR] Failed to load resource: the server responded with a status of 503 () @ https://collector.github.com/github/collect:0
[ 8067380ms] [ERROR] Failed to load resource: the server responded with a status of 503 () @ https://collector.github.com/github/collect:0
[ 8077400ms] [ERROR] Failed to load resource: the server responded with a status of 503 () @ https://collector.github.com/github/collect:0
[ 8103516ms] [ERROR] Failed to load resource: the server responded with a status of 503 () @ https://collector.github.com/github/collect:0
[ 8104378ms] [ERROR] Failed to load resource: the server responded with a status of 503 () @ https://collector.github.com/github/collect:0
[ 8109652ms] [ERROR] Failed to load resource: the server responded with a status of 503 () @ https://collector.github.com/github/collect:0
[ 8115969ms] [ERROR] Failed to load resource: the server responded with a status of 503 () @ https://collector.github.com/github/collect:0
[ 8117747ms] [ERROR] Failed to load resource: the server responded with a status of 503 () @ https://collector.github.com/github/collect:0
[ 8117750ms] [ERROR] Failed to load resource: the server responded with a status of 503 () @ https://collector.github.com/github/collect:0
[ 8122071ms] [ERROR] Failed to load resource: the server responded with a status of 503 () @ https://collector.github.com/github/collect:0
[ 8136606ms] [ERROR] Failed to load resource: the server responded with a status of 503 () @ https://collector.github.com/github/collect:0
[ 8144172ms] [ERROR] Failed to load resource: the server responded with a status of 503 () @ https://collector.github.com/github/collect:0
[ 8146349ms] [ERROR] Failed to load resource: the server responded with a status of 503 () @ https://collector.github.com/github/collect:0
[ 8166252ms] [ERROR] Failed to load resource: the server responded with a status of 503 () @ https://collector.github.com/github/collect:0
[ 8174277ms] [ERROR] Failed to load resource: the server responded with a status of 503 () @ https://collector.github.com/github/collect:0
[ 8174331ms] [ERROR] Failed to load resource: the server responded with a status of 503 () @ https://collector.github.com/github/collect:0
[ 8177828ms] [ERROR] Failed to load resource: the server responded with a status of 503 () @ https://collector.github.com/github/collect:0
[ 8217411ms] [ERROR] Failed to load resource: the server responded with a status of 503 () @ https://collector.github.com/github/collect:0
[ 8238474ms] [ERROR] Failed to load resource: the server responded with a status of 503 () @ https://collector.github.com/github/collect:0
[ 8241314ms] [ERROR] Failed to load resource: the server responded with a status of 503 () @ https://collector.github.com/github/collect:0
[ 8243961ms] [ERROR] Failed to load resource: the server responded with a status of 503 () @ https://collector.github.com/github/collect:0
[ 8245229ms] [ERROR] Failed to load resource: the server responded with a status of 503 () @ https://collector.github.com/github/collect:0
[ 8246683ms] [ERROR] Failed to load resource: the server responded with a status of 503 () @ https://collector.github.com/github/collect:0
[ 8247251ms] [ERROR] Failed to load resource: the server responded with a status of 503 () @ https://collector.github.com/github/collect:0
[ 8247305ms] [ERROR] Failed to load resource: the server responded with a status of 503 () @ https://collector.github.com/github/collect:0
[ 8247716ms] [ERROR] Failed to load resource: the server responded with a status of 503 () @ https://collector.github.com/github/collect:0
[ 8247804ms] [ERROR] Failed to load resource: the server responded with a status of 503 () @ https://collector.github.com/github/collect:0
[ 8247895ms] [ERROR] Failed to load resource: the server responded with a status of 503 () @ https://collector.github.com/github/collect:0
[ 8256283ms] [ERROR] Failed to load resource: the server responded with a status of 503 () @ https://collector.github.com/github/collect:0
[ 8258069ms] [ERROR] Failed to load resource: the server responded with a status of 503 () @ https://collector.github.com/github/collect:0
[ 8258972ms] [ERROR] Failed to load resource: the server responded with a status of 503 () @ https://collector.github.com/github/collect:0
[ 8260419ms] [ERROR] Failed to load resource: the server responded with a status of 503 () @ https://collector.github.com/github/collect:0
[ 8261415ms] [ERROR] Failed to load resource: the server responded with a status of 503 () @ https://collector.github.com/github/collect:0
[ 8261748ms] [ERROR] Failed to load resource: the server responded with a status of 503 () @ https://collector.github.com/github/collect:0
[ 8262853ms] [ERROR] Failed to load resource: the server responded with a status of 503 () @ https://collector.github.com/github/collect:0
[ 8263765ms] [ERROR] Failed to load resource: the server responded with a status of 503 () @ https://collector.github.com/github/collect:0
[ 8263901ms] [ERROR] Failed to load resource: the server responded with a status of 503 () @ https://collector.github.com/github/collect:0
[ 8264138ms] [ERROR] Failed to load resource: the server responded with a status of 503 () @ https://collector.github.com/github/collect:0
[ 8272087ms] [ERROR] Failed to load resource: the server responded with a status of 503 () @ https://collector.github.com/github/collect:0
[ 8278216ms] [ERROR] Failed to load resource: the server responded with a status of 503 () @ https://collector.github.com/github/collect:0
[ 8303818ms] [ERROR] Failed to load resource: the server responded with a status of 503 () @ https://collector.github.com/github/collect:0
[ 8304481ms] [ERROR] Failed to load resource: the server responded with a status of 503 () @ https://collector.github.com/github/collect:0
[ 8318442ms] [ERROR] Failed to load resource: the server responded with a status of 503 () @ https://collector.github.com/github/collect:0
[ 8325008ms] [ERROR] Failed to load resource: the server responded with a status of 503 () @ https://collector.github.com/github/collect:0
[ 8327178ms] [ERROR] Failed to load resource: the server responded with a status of 503 () @ https://collector.github.com/github/collect:0
[ 8340058ms] [ERROR] Failed to load resource: the server responded with a status of 503 () @ https://collector.github.com/github/collect:0
[ 8344214ms] [ERROR] Failed to load resource: the server responded with a status of 503 () @ https://collector.github.com/github/collect:0
[ 8368258ms] [ERROR] Failed to load resource: the server responded with a status of 503 () @ https://collector.github.com/github/collect:0
[ 8388666ms] [ERROR] Failed to load resource: the server responded with a status of 503 () @ https://collector.github.com/github/collect:0
[13649551ms] [ERROR] Failed to load resource: net::ERR_NETWORK_CHANGED @ https://collector.github.com/github/collect:0
[13649551ms] [ERROR] Failed to load resource: net::ERR_NETWORK_CHANGED @ https://api.github.com/_private/browser/stats:0
[13649896ms] [ERROR] Failed to load resource: net::ERR_NAME_NOT_RESOLVED @ https://collector.github.com/github/collect:0
[13650138ms] [ERROR] Failed to load resource: net::ERR_NAME_NOT_RESOLVED @ https://api.github.com/_private/browser/stats:0
[13650184ms] [ERROR] Failed to load resource: net::ERR_NAME_NOT_RESOLVED @ https://collector.github.com/github/collect:0
[13651862ms] [ERROR] Failed to load resource: net::ERR_INTERNET_DISCONNECTED @ https://collector.github.com/github/collect:0
[13651910ms] [ERROR] Failed to load resource: net::ERR_INTERNET_DISCONNECTED @ https://collector.github.com/github/collect:0
[13657330ms] [ERROR] Failed to load resource: net::ERR_INTERNET_DISCONNECTED @ https://collector.github.com/github/collect:0
[13657447ms] [ERROR] Failed to load resource: net::ERR_INTERNET_DISCONNECTED @ https://api.github.com/_private/browser/stats:0
[13657477ms] [ERROR] Failed to load resource: net::ERR_INTERNET_DISCONNECTED @ https://collector.github.com/github/collect:0
[13662509ms] [ERROR] Failed to load resource: net::ERR_INTERNET_DISCONNECTED @ https://api.github.com/_private/browser/stats:0
[13689658ms] [ERROR] Failed to load resource: net::ERR_INTERNET_DISCONNECTED @ https://collector.github.com/github/collect:0
[13689659ms] [ERROR] Failed to load resource: net::ERR_INTERNET_DISCONNECTED @ https://api.github.com/_private/browser/stats:0
[13696438ms] [ERROR] Failed to load resource: net::ERR_INTERNET_DISCONNECTED @ https://collector.github.com/github/collect:0
[13696439ms] [ERROR] Failed to load resource: net::ERR_INTERNET_DISCONNECTED @ https://api.github.com/_private/browser/stats:0
[13703074ms] [ERROR] Failed to load resource: net::ERR_INTERNET_DISCONNECTED @ https://api.github.com/_private/browser/stats:0
[13703074ms] [ERROR] Failed to load resource: net::ERR_INTERNET_DISCONNECTED @ https://collector.github.com/github/collect:0
[13712334ms] [ERROR] Failed to load resource: net::ERR_INTERNET_DISCONNECTED @ https://collector.github.com/github/collect:0
[13712344ms] [ERROR] Failed to load resource: net::ERR_INTERNET_DISCONNECTED @ https://api.github.com/_private/browser/stats:0
[13722954ms] [ERROR] Failed to load resource: net::ERR_INTERNET_DISCONNECTED @ https://collector.github.com/github/collect:0
[13722956ms] [ERROR] Failed to load resource: net::ERR_INTERNET_DISCONNECTED @ https://api.github.com/_private/browser/stats:0
[13742616ms] [ERROR] Failed to load resource: net::ERR_INTERNET_DISCONNECTED @ https://api.github.com/_private/browser/stats:0
[13742617ms] [ERROR] Failed to load resource: net::ERR_INTERNET_DISCONNECTED @ https://collector.github.com/github/collect:0
[13755868ms] [ERROR] Failed to load resource: net::ERR_INTERNET_DISCONNECTED @ https://collector.github.com/github/collect:0
[13755868ms] [ERROR] Failed to load resource: net::ERR_INTERNET_DISCONNECTED @ https://api.github.com/_private/browser/stats:0
[13768980ms] [ERROR] Failed to load resource: net::ERR_INTERNET_DISCONNECTED @ https://collector.github.com/github/collect:0
[13768980ms] [ERROR] Failed to load resource: net::ERR_INTERNET_DISCONNECTED @ https://api.github.com/_private/browser/stats:0
[13775660ms] [ERROR] Failed to load resource: net::ERR_INTERNET_DISCONNECTED @ https://collector.github.com/github/collect:0
[13775673ms] [ERROR] Failed to load resource: net::ERR_INTERNET_DISCONNECTED @ https://api.github.com/_private/browser/stats:0
[13781829ms] [ERROR] Failed to load resource: net::ERR_INTERNET_DISCONNECTED @ https://api.github.com/_private/browser/stats:0
[13781830ms] [ERROR] Failed to load resource: net::ERR_INTERNET_DISCONNECTED @ https://collector.github.com/github/collect:0
[13795229ms] [ERROR] Failed to load resource: net::ERR_INTERNET_DISCONNECTED @ https://api.github.com/_private/browser/stats:0
[13795229ms] [ERROR] Failed to load resource: net::ERR_INTERNET_DISCONNECTED @ https://collector.github.com/github/collect:0
[13808342ms] [ERROR] Failed to load resource: net::ERR_INTERNET_DISCONNECTED @ https://collector.github.com/github/collect:0
[13808346ms] [ERROR] Failed to load resource: net::ERR_INTERNET_DISCONNECTED @ https://api.github.com/_private/browser/stats:0
[13821552ms] [ERROR] Failed to load resource: net::ERR_INTERNET_DISCONNECTED @ https://collector.github.com/github/collect:0
[13821552ms] [ERROR] Failed to load resource: net::ERR_INTERNET_DISCONNECTED @ https://api.github.com/_private/browser/stats:0
[13859434ms] [ERROR] Failed to load resource: net::ERR_INTERNET_DISCONNECTED @ https://collector.github.com/github/collect:0
[13859501ms] [ERROR] Failed to load resource: net::ERR_INTERNET_DISCONNECTED @ https://api.github.com/_private/browser/stats:0
[13859502ms] [ERROR] Failed to load resource: net::ERR_INTERNET_DISCONNECTED @ https://collector.github.com/github/collect:0
[13862701ms] [ERROR] Failed to load resource: net::ERR_INTERNET_DISCONNECTED @ https://collector.github.com/github/collect:0
[13862739ms] [ERROR] Failed to load resource: net::ERR_INTERNET_DISCONNECTED @ https://collector.github.com/github/collect:0
[13867797ms] [ERROR] Failed to load resource: net::ERR_INTERNET_DISCONNECTED @ https://api.github.com/_private/browser/stats:0
[13867798ms] [ERROR] Failed to load resource: net::ERR_INTERNET_DISCONNECTED @ https://collector.github.com/github/collect:0
[13874027ms] [ERROR] Failed to load resource: net::ERR_INTERNET_DISCONNECTED @ https://collector.github.com/github/collect:0
[13877761ms] [ERROR] Failed to load resource: net::ERR_INTERNET_DISCONNECTED @ https://api.github.com/_private/browser/stats:0
[13899605ms] [ERROR] Failed to load resource: net::ERR_INTERNET_DISCONNECTED @ https://api.github.com/_private/browser/stats:0
[13899605ms] [ERROR] Failed to load resource: net::ERR_INTERNET_DISCONNECTED @ https://collector.github.com/github/collect:0
[13912732ms] [ERROR] Failed to load resource: net::ERR_INTERNET_DISCONNECTED @ https://collector.github.com/github/collect:0
[13912732ms] [ERROR] Failed to load resource: net::ERR_INTERNET_DISCONNECTED @ https://api.github.com/_private/browser/stats:0
[13919581ms] [ERROR] Failed to load resource: net::ERR_INTERNET_DISCONNECTED @ https://api.github.com/_private/browser/stats:0
[13919582ms] [ERROR] Failed to load resource: net::ERR_INTERNET_DISCONNECTED @ https://collector.github.com/github/collect:0
[13932163ms] [ERROR] Failed to load resource: net::ERR_INTERNET_DISCONNECTED @ https://collector.github.com/github/collect:0
[13932167ms] [ERROR] Failed to load resource: net::ERR_INTERNET_DISCONNECTED @ https://api.github.com/_private/browser/stats:0
[13939087ms] [ERROR] Failed to load resource: net::ERR_INTERNET_DISCONNECTED @ https://api.github.com/_private/browser/stats:0
[13939087ms] [ERROR] Failed to load resource: net::ERR_INTERNET_DISCONNECTED @ https://collector.github.com/github/collect:0
[13945473ms] [ERROR] Failed to load resource: net::ERR_INTERNET_DISCONNECTED @ https://collector.github.com/github/collect:0
[13945473ms] [ERROR] Failed to load resource: net::ERR_INTERNET_DISCONNECTED @ https://api.github.com/_private/browser/stats:0
[13958095ms] [ERROR] Failed to load resource: net::ERR_INTERNET_DISCONNECTED @ https://api.github.com/_private/browser/stats:0
[13958098ms] [ERROR] Failed to load resource: net::ERR_INTERNET_DISCONNECTED @ https://collector.github.com/github/collect:0
[13966911ms] [ERROR] Failed to load resource: net::ERR_INTERNET_DISCONNECTED @ https://collector.github.com/github/collect:0
[13966936ms] [ERROR] Failed to load resource: net::ERR_INTERNET_DISCONNECTED @ https://api.github.com/_private/browser/stats:0
[13986367ms] [ERROR] Failed to load resource: net::ERR_INTERNET_DISCONNECTED @ https://collector.github.com/github/collect:0
[13986367ms] [ERROR] Failed to load resource: net::ERR_INTERNET_DISCONNECTED @ https://api.github.com/_private/browser/stats:0
[14026128ms] [ERROR] Failed to load resource: net::ERR_INTERNET_DISCONNECTED @ https://collector.github.com/github/collect:0
[14026155ms] [ERROR] Failed to load resource: net::ERR_INTERNET_DISCONNECTED @ https://api.github.com/_private/browser/stats:0
[14032596ms] [ERROR] Failed to load resource: net::ERR_INTERNET_DISCONNECTED @ https://collector.github.com/github/collect:0
[14032596ms] [ERROR] Failed to load resource: net::ERR_INTERNET_DISCONNECTED @ https://api.github.com/_private/browser/stats:0
[14045507ms] [ERROR] Failed to load resource: net::ERR_INTERNET_DISCONNECTED @ https://collector.github.com/github/collect:0
[14045508ms] [ERROR] Failed to load resource: net::ERR_INTERNET_DISCONNECTED @ https://api.github.com/_private/browser/stats:0
[14052213ms] [ERROR] Failed to load resource: net::ERR_INTERNET_DISCONNECTED @ https://api.github.com/_private/browser/stats:0
[14052214ms] [ERROR] Failed to load resource: net::ERR_INTERNET_DISCONNECTED @ https://collector.github.com/github/collect:0
[14058696ms] [ERROR] Failed to load resource: net::ERR_INTERNET_DISCONNECTED @ https://collector.github.com/github/collect:0
[14062145ms] [ERROR] Failed to load resource: net::ERR_INTERNET_DISCONNECTED @ https://api.github.com/_private/browser/stats:0
[14071519ms] [ERROR] Failed to load resource: net::ERR_INTERNET_DISCONNECTED @ https://api.github.com/_private/browser/stats:0
[14071519ms] [ERROR] Failed to load resource: net::ERR_INTERNET_DISCONNECTED @ https://collector.github.com/github/collect:0
[14077867ms] [ERROR] Failed to load resource: net::ERR_INTERNET_DISCONNECTED @ https://collector.github.com/github/collect:0
[14077867ms] [ERROR] Failed to load resource: net::ERR_INTERNET_DISCONNECTED @ https://api.github.com/_private/browser/stats:0
[14090949ms] [ERROR] Failed to load resource: net::ERR_INTERNET_DISCONNECTED @ https://collector.github.com/github/collect:0
[14090949ms] [ERROR] Failed to load resource: net::ERR_INTERNET_DISCONNECTED @ https://api.github.com/_private/browser/stats:0
[14097354ms] [ERROR] Failed to load resource: net::ERR_INTERNET_DISCONNECTED @ https://collector.github.com/github/collect:0
[14097360ms] [ERROR] Failed to load resource: net::ERR_INTERNET_DISCONNECTED @ https://api.github.com/_private/browser/stats:0
[14124152ms] [ERROR] Failed to load resource: net::ERR_INTERNET_DISCONNECTED @ https://api.github.com/_private/browser/stats:0
[14124152ms] [ERROR] Failed to load resource: net::ERR_INTERNET_DISCONNECTED @ https://collector.github.com/github/collect:0
[14155193ms] [ERROR] Failed to load resource: net::ERR_INTERNET_DISCONNECTED @ https://collector.github.com/github/collect:0
[14155303ms] [ERROR] Failed to load resource: net::ERR_INTERNET_DISCONNECTED @ https://api.github.com/_private/browser/stats:0
[14155339ms] [ERROR] Failed to load resource: net::ERR_INTERNET_DISCONNECTED @ https://collector.github.com/github/collect:0
[14155360ms] [ERROR] Failed to load resource: net::ERR_INTERNET_DISCONNECTED @ https://collector.github.com/github/collect:0
[14158049ms] [ERROR] Failed to load resource: net::ERR_INTERNET_DISCONNECTED @ https://collector.github.com/github/collect:0
[14160361ms] [ERROR] Failed to load resource: net::ERR_INTERNET_DISCONNECTED @ https://api.github.com/_private/browser/stats:0
[14164300ms] [ERROR] Failed to load resource: net::ERR_INTERNET_DISCONNECTED @ https://collector.github.com/github/collect:0
[14165354ms] [ERROR] Failed to load resource: net::ERR_INTERNET_DISCONNECTED @ https://api.github.com/_private/browser/stats:0
[14197560ms] [ERROR] Failed to load resource: net::ERR_INTERNET_DISCONNECTED @ https://collector.github.com/github/collect:0
[14197564ms] [ERROR] Failed to load resource: net::ERR_INTERNET_DISCONNECTED @ https://api.github.com/_private/browser/stats:0
[14204389ms] [ERROR] Failed to load resource: net::ERR_INTERNET_DISCONNECTED @ https://collector.github.com/github/collect:0
[14204393ms] [ERROR] Failed to load resource: net::ERR_INTERNET_DISCONNECTED @ https://api.github.com/_private/browser/stats:0
[14217249ms] [ERROR] Failed to load resource: net::ERR_INTERNET_DISCONNECTED @ https://collector.github.com/github/collect:0
[14217251ms] [ERROR] Failed to load resource: net::ERR_INTERNET_DISCONNECTED @ https://api.github.com/_private/browser/stats:0
[14224179ms] [ERROR] Failed to load resource: net::ERR_INTERNET_DISCONNECTED @ https://collector.github.com/github/collect:0
[14224183ms] [ERROR] Failed to load resource: net::ERR_INTERNET_DISCONNECTED @ https://api.github.com/_private/browser/stats:0
[14263420ms] [ERROR] Failed to load resource: net::ERR_INTERNET_DISCONNECTED @ https://api.github.com/_private/browser/stats:0
[14263420ms] [ERROR] Failed to load resource: net::ERR_INTERNET_DISCONNECTED @ https://collector.github.com/github/collect:0
[14270053ms] [ERROR] Failed to load resource: net::ERR_INTERNET_DISCONNECTED @ https://collector.github.com/github/collect:0
[14270053ms] [ERROR] Failed to load resource: net::ERR_INTERNET_DISCONNECTED @ https://api.github.com/_private/browser/stats:0
[14289839ms] [ERROR] Failed to load resource: net::ERR_INTERNET_DISCONNECTED @ https://collector.github.com/github/collect:0
[14289851ms] [ERROR] Failed to load resource: net::ERR_INTERNET_DISCONNECTED @ https://api.github.com/_private/browser/stats:0
[14296786ms] [ERROR] Failed to load resource: net::ERR_INTERNET_DISCONNECTED @ https://collector.github.com/github/collect:0
[14296791ms] [ERROR] Failed to load resource: net::ERR_INTERNET_DISCONNECTED @ https://api.github.com/_private/browser/stats:0
[14303370ms] [ERROR] Failed to load resource: net::ERR_INTERNET_DISCONNECTED @ https://api.github.com/_private/browser/stats:0
[14303370ms] [ERROR] Failed to load resource: net::ERR_INTERNET_DISCONNECTED @ https://collector.github.com/github/collect:0
[14309325ms] [ERROR] Failed to load resource: net::ERR_INTERNET_DISCONNECTED @ https://api.github.com/_private/browser/stats:0
[14309327ms] [ERROR] Failed to load resource: net::ERR_INTERNET_DISCONNECTED @ https://collector.github.com/github/collect:0
[14315833ms] [ERROR] Failed to load resource: net::ERR_INTERNET_DISCONNECTED @ https://api.github.com/_private/browser/stats:0
[14315833ms] [ERROR] Failed to load resource: net::ERR_INTERNET_DISCONNECTED @ https://collector.github.com/github/collect:0
[14349737ms] [ERROR] Failed to load resource: net::ERR_INTERNET_DISCONNECTED @ https://api.github.com/_private/browser/stats:0
[14349738ms] [ERROR] Failed to load resource: net::ERR_INTERNET_DISCONNECTED @ https://collector.github.com/github/collect:0
[14355913ms] [ERROR] Failed to load resource: net::ERR_INTERNET_DISCONNECTED @ https://collector.github.com/github/collect:0
[14355914ms] [ERROR] Failed to load resource: net::ERR_INTERNET_DISCONNECTED @ https://api.github.com/_private/browser/stats:0
[14362222ms] [ERROR] Failed to load resource: net::ERR_INTERNET_DISCONNECTED @ https://api.github.com/_private/browser/stats:0
[14362222ms] [ERROR] Failed to load resource: net::ERR_INTERNET_DISCONNECTED @ https://collector.github.com/github/collect:0
[14375685ms] [ERROR] Failed to load resource: net::ERR_INTERNET_DISCONNECTED @ https://collector.github.com/github/collect:0
[14375685ms] [ERROR] Failed to load resource: net::ERR_INTERNET_DISCONNECTED @ https://api.github.com/_private/browser/stats:0
[14381823ms] [ERROR] Failed to load resource: net::ERR_INTERNET_DISCONNECTED @ https://collector.github.com/github/collect:0
[14381823ms] [ERROR] Failed to load resource: net::ERR_INTERNET_DISCONNECTED @ https://api.github.com/_private/browser/stats:0
[14395482ms] [ERROR] Failed to load resource: net::ERR_INTERNET_DISCONNECTED @ https://collector.github.com/github/collect:0
[14395482ms] [ERROR] Failed to load resource: net::ERR_INTERNET_DISCONNECTED @ https://api.github.com/_private/browser/stats:0
[14404174ms] [ERROR] Failed to load resource: net::ERR_INTERNET_DISCONNECTED @ https://api.github.com/_private/browser/stats:0
[14404174ms] [ERROR] Failed to load resource: net::ERR_INTERNET_DISCONNECTED @ https://collector.github.com/github/collect:0
[14404209ms] [ERROR] Failed to load resource: net::ERR_INTERNET_DISCONNECTED @ https://collector.github.com/github/collect:0
[14409182ms] [ERROR] Failed to load resource: net::ERR_INTERNET_DISCONNECTED @ https://api.github.com/_private/browser/stats:0
[14415278ms] [ERROR] Failed to load resource: net::ERR_INTERNET_DISCONNECTED @ https://collector.github.com/github/collect:0
[14415282ms] [ERROR] Failed to load resource: net::ERR_INTERNET_DISCONNECTED @ https://api.github.com/_private/browser/stats:0
[14422022ms] [ERROR] Failed to load resource: net::ERR_INTERNET_DISCONNECTED @ https://api.github.com/_private/browser/stats:0
[14422023ms] [ERROR] Failed to load resource: net::ERR_INTERNET_DISCONNECTED @ https://collector.github.com/github/collect:0
[14434550ms] [ERROR] Failed to load resource: net::ERR_INTERNET_DISCONNECTED @ https://collector.github.com/github/collect:0
[14434551ms] [ERROR] Failed to load resource: net::ERR_INTERNET_DISCONNECTED @ https://api.github.com/_private/browser/stats:0
[14448265ms] [ERROR] Failed to load resource: net::ERR_INTERNET_DISCONNECTED @ https://api.github.com/_private/browser/stats:0
[14448265ms] [ERROR] Failed to load resource: net::ERR_INTERNET_DISCONNECTED @ https://collector.github.com/github/collect:0
[14454438ms] [ERROR] Failed to load resource: net::ERR_INTERNET_DISCONNECTED @ https://collector.github.com/github/collect:0
[14454439ms] [ERROR] Failed to load resource: net::ERR_INTERNET_DISCONNECTED @ https://api.github.com/_private/browser/stats:0
[14460024ms] [ERROR] Failed to load resource: net::ERR_INTERNET_DISCONNECTED @ https://api.github.com/_private/browser/stats:0
[14460025ms] [ERROR] Failed to load resource: net::ERR_INTERNET_DISCONNECTED @ https://collector.github.com/github/collect:0
[14461172ms] [ERROR] Failed to load resource: net::ERR_INTERNET_DISCONNECTED @ https://collector.github.com/github/collect:0
[14465010ms] [ERROR] Failed to load resource: net::ERR_INTERNET_DISCONNECTED @ https://api.github.com/_private/browser/stats:0
[14470259ms] [ERROR] Failed to load resource: net::ERR_INTERNET_DISCONNECTED @ https://collector.github.com/github/collect:0
[14470267ms] [ERROR] Failed to load resource: net::ERR_INTERNET_DISCONNECTED @ https://api.github.com/_private/browser/stats:0
[14474047ms] [ERROR] Failed to load resource: net::ERR_INTERNET_DISCONNECTED @ https://collector.github.com/github/collect:0
[14475242ms] [ERROR] Failed to load resource: net::ERR_INTERNET_DISCONNECTED @ https://api.github.com/_private/browser/stats:0
[14487194ms] [ERROR] Failed to load resource: net::ERR_INTERNET_DISCONNECTED @ https://api.github.com/_private/browser/stats:0
[14487195ms] [ERROR] Failed to load resource: net::ERR_INTERNET_DISCONNECTED @ https://collector.github.com/github/collect:0
[14519987ms] [ERROR] Failed to load resource: net::ERR_INTERNET_DISCONNECTED @ https://collector.github.com/github/collect:0
[14520012ms] [ERROR] Failed to load resource: net::ERR_INTERNET_DISCONNECTED @ https://api.github.com/_private/browser/stats:0
[14520014ms] [ERROR] Failed to load resource: net::ERR_INTERNET_DISCONNECTED @ https://collector.github.com/github/collect:0
[14521033ms] [ERROR] Failed to load resource: net::ERR_INTERNET_DISCONNECTED @ https://collector.github.com/github/collect:0
[14525029ms] [ERROR] Failed to load resource: net::ERR_INTERNET_DISCONNECTED @ https://api.github.com/_private/browser/stats:0
[14540875ms] [ERROR] Failed to load resource: net::ERR_INTERNET_DISCONNECTED @ https://api.github.com/_private/browser/stats:0
[14540875ms] [ERROR] Failed to load resource: net::ERR_INTERNET_DISCONNECTED @ https://collector.github.com/github/collect:0
[14553650ms] [ERROR] Failed to load resource: net::ERR_INTERNET_DISCONNECTED @ https://api.github.com/_private/browser/stats:0
[14553650ms] [ERROR] Failed to load resource: net::ERR_INTERNET_DISCONNECTED @ https://collector.github.com/github/collect:0
[14579848ms] [ERROR] Failed to load resource: net::ERR_INTERNET_DISCONNECTED @ https://collector.github.com/github/collect:0
[14579850ms] [ERROR] Failed to load resource: net::ERR_INTERNET_DISCONNECTED @ https://api.github.com/_private/browser/stats:0
[14580346ms] [ERROR] Failed to load resource: net::ERR_INTERNET_DISCONNECTED @ https://collector.github.com/github/collect:0
[14584862ms] [ERROR] Failed to load resource: net::ERR_INTERNET_DISCONNECTED @ https://api.github.com/_private/browser/stats:0
[14587166ms] [ERROR] Failed to load resource: net::ERR_INTERNET_DISCONNECTED @ https://collector.github.com/github/collect:0
[14589866ms] [ERROR] Failed to load resource: net::ERR_INTERNET_DISCONNECTED @ https://api.github.com/_private/browser/stats:0
[14600086ms] [ERROR] Failed to load resource: net::ERR_INTERNET_DISCONNECTED @ https://collector.github.com/github/collect:0
[14600088ms] [ERROR] Failed to load resource: net::ERR_INTERNET_DISCONNECTED @ https://api.github.com/_private/browser/stats:0
[14614696ms] [ERROR] Failed to load resource: net::ERR_INTERNET_DISCONNECTED @ https://api.github.com/_private/browser/stats:0
[14614697ms] [ERROR] Failed to load resource: net::ERR_INTERNET_DISCONNECTED @ https://collector.github.com/github/collect:0
[14620245ms] [ERROR] Failed to load resource: net::ERR_INTERNET_DISCONNECTED @ https://collector.github.com/github/collect:0
[14624701ms] [ERROR] Failed to load resource: net::ERR_INTERNET_DISCONNECTED @ https://api.github.com/_private/browser/stats:0
[14626636ms] [ERROR] Failed to load resource: net::ERR_INTERNET_DISCONNECTED @ https://collector.github.com/github/collect:0
[14629706ms] [ERROR] Failed to load resource: net::ERR_INTERNET_DISCONNECTED @ https://api.github.com/_private/browser/stats:0
[14633684ms] [ERROR] Failed to load resource: net::ERR_INTERNET_DISCONNECTED @ https://collector.github.com/github/collect:0
[14634701ms] [ERROR] Failed to load resource: net::ERR_INTERNET_DISCONNECTED @ https://api.github.com/_private/browser/stats:0
[14640241ms] [ERROR] Failed to load resource: net::ERR_INTERNET_DISCONNECTED @ https://api.github.com/_private/browser/stats:0
[14640241ms] [ERROR] Failed to load resource: net::ERR_INTERNET_DISCONNECTED @ https://collector.github.com/github/collect:0
[14646368ms] [ERROR] Failed to load resource: net::ERR_INTERNET_DISCONNECTED @ https://api.github.com/_private/browser/stats:0
[14646369ms] [ERROR] Failed to load resource: net::ERR_INTERNET_DISCONNECTED @ https://collector.github.com/github/collect:0
[14660162ms] [ERROR] Failed to load resource: net::ERR_INTERNET_DISCONNECTED @ https://collector.github.com/github/collect:0
[14660190ms] [ERROR] Failed to load resource: net::ERR_INTERNET_DISCONNECTED @ https://api.github.com/_private/browser/stats:0
[14672870ms] [ERROR] Failed to load resource: net::ERR_INTERNET_DISCONNECTED @ https://collector.github.com/github/collect:0
[14672874ms] [ERROR] Failed to load resource: net::ERR_INTERNET_DISCONNECTED @ https://api.github.com/_private/browser/stats:0
[14699227ms] [ERROR] Failed to load resource: net::ERR_INTERNET_DISCONNECTED @ https://api.github.com/_private/browser/stats:0
[14699227ms] [ERROR] Failed to load resource: net::ERR_INTERNET_DISCONNECTED @ https://collector.github.com/github/collect:0
[14712955ms] [ERROR] Failed to load resource: net::ERR_INTERNET_DISCONNECTED @ https://api.github.com/_private/browser/stats:0
[14712959ms] [ERROR] Failed to load resource: net::ERR_INTERNET_DISCONNECTED @ https://collector.github.com/github/collect:0
[14726052ms] [ERROR] Failed to load resource: net::ERR_INTERNET_DISCONNECTED @ https://api.github.com/_private/browser/stats:0
[14726052ms] [ERROR] Failed to load resource: net::ERR_INTERNET_DISCONNECTED @ https://collector.github.com/github/collect:0
[14733070ms] [ERROR] Failed to load resource: net::ERR_INTERNET_DISCONNECTED @ https://collector.github.com/github/collect:0
[14733070ms] [ERROR] Failed to load resource: net::ERR_INTERNET_DISCONNECTED @ https://api.github.com/_private/browser/stats:0
[14759361ms] [ERROR] Failed to load resource: net::ERR_INTERNET_DISCONNECTED @ https://collector.github.com/github/collect:0
[14759361ms] [ERROR] Failed to load resource: net::ERR_INTERNET_DISCONNECTED @ https://api.github.com/_private/browser/stats:0
[14772515ms] [ERROR] Failed to load resource: net::ERR_INTERNET_DISCONNECTED @ https://api.github.com/_private/browser/stats:0
[14772515ms] [ERROR] Failed to load resource: net::ERR_INTERNET_DISCONNECTED @ https://collector.github.com/github/collect:0
[14779445ms] [ERROR] Failed to load resource: net::ERR_INTERNET_DISCONNECTED @ https://collector.github.com/github/collect:0
[14779445ms] [ERROR] Failed to load resource: net::ERR_INTERNET_DISCONNECTED @ https://api.github.com/_private/browser/stats:0
[14785973ms] [ERROR] Failed to load resource: net::ERR_INTERNET_DISCONNECTED @ https://api.github.com/_private/browser/stats:0
[14785975ms] [ERROR] Failed to load resource: net::ERR_INTERNET_DISCONNECTED @ https://collector.github.com/github/collect:0
[14792404ms] [ERROR] Failed to load resource: net::ERR_INTERNET_DISCONNECTED @ https://api.github.com/_private/browser/stats:0
[14792404ms] [ERROR] Failed to load resource: net::ERR_INTERNET_DISCONNECTED @ https://collector.github.com/github/collect:0
[14812510ms] [ERROR] Failed to load resource: net::ERR_INTERNET_DISCONNECTED @ https://api.github.com/_private/browser/stats:0
[14812510ms] [ERROR] Failed to load resource: net::ERR_INTERNET_DISCONNECTED @ https://collector.github.com/github/collect:0
[14833006ms] [ERROR] Failed to load resource: net::ERR_INTERNET_DISCONNECTED @ https://collector.github.com/github/collect:0
[14833010ms] [ERROR] Failed to load resource: net::ERR_INTERNET_DISCONNECTED @ https://api.github.com/_private/browser/stats:0
[14859488ms] [ERROR] Failed to load resource: net::ERR_INTERNET_DISCONNECTED @ https://collector.github.com/github/collect:0
[14859491ms] [ERROR] Failed to load resource: net::ERR_INTERNET_DISCONNECTED @ https://api.github.com/_private/browser/stats:0
[14872817ms] [ERROR] Failed to load resource: net::ERR_INTERNET_DISCONNECTED @ https://collector.github.com/github/collect:0
[14872822ms] [ERROR] Failed to load resource: net::ERR_INTERNET_DISCONNECTED @ https://api.github.com/_private/browser/stats:0
[14883429ms] [ERROR] Failed to load resource: net::ERR_INTERNET_DISCONNECTED @ https://collector.github.com/github/collect:0
[14883546ms] [ERROR] Failed to load resource: net::ERR_INTERNET_DISCONNECTED @ https://api.github.com/_private/browser/stats:0
